#
# There is insufficient memory for the Java Runtime Environment to continue.
# Native memory allocation (malloc) failed to allocate 859136 bytes for Chunk::new
# Possible reasons:
#   The system is out of physical RAM or swap space
#   The process is running with CompressedOops enabled, and the Java Heap may be blocking the growth of the native heap
# Possible solutions:
#   Reduce memory load on the system
#   Increase physical memory or swap space
#   Check if swap backing store is full
#   Decrease Java heap size (-Xmx/-Xms)
#   Decrease number of Java threads
#   Decrease Java thread stack sizes (-Xss)
#   Set larger code cache with -XX:ReservedCodeCacheSize=
#   JVM is running with Unscaled Compressed Oops mode in which the Java heap is
#     placed in the first 4GB address space. The Java Heap base address is the
#     maximum limit for the native heap growth. Please use -XX:HeapBaseMinAddress
#     to set the Java Heap base and to place the Java Heap above 4GB virtual address.
# This output file may be truncated or incomplete.
#
#  Out of Memory Error (arena.cpp:184), pid=1876, tid=7052
#
# JRE version: Java(TM) SE Runtime Environment (18.0.2.1+1) (build 18.0.2.1+1-1)
# Java VM: Java HotSpot(TM) 64-Bit Server VM (18.0.2.1+1-1, mixed mode, sharing, tiered, compressed oops, compressed class ptrs, g1 gc, windows-amd64)
# No core dump will be written. Minidumps are not enabled by default on client versions of Windows
#

---------------  S U M M A R Y ------------

Command Line: -javaagent:C:\Program Files\JetBrains\IntelliJ IDEA Community Edition 2022.3.3\lib\idea_rt.jar=49852:C:\Program Files\JetBrains\IntelliJ IDEA Community Edition 2022.3.3\bin -Dfile.encoding=UTF-8 -Dsun.stdout.encoding=UTF-8 -Dsun.stderr.encoding=UTF-8 com.example.AppEcommerce.AppEcommerceApplication

Host: Intel(R) Core(TM) i7-7500U CPU @ 2.70GHz, 4 cores, 7G,  Windows 10 , 64 bit Build 18362 (10.0.18362.1500)
Time: Wed May  3 20:39:04 2023 W. Central Africa Standard Time elapsed time: 33620.819609 seconds (0d 9h 20m 20s)

---------------  T H R E A D  ---------------

Current thread (0x0000017e587a1ca0):  JavaThread "C2 CompilerThread0" daemon [_thread_in_native, id=7052, stack(0x0000001b4fb00000,0x0000001b4fc00000)]


Current CompileTask:
C2:33620820 7570       4       org.bson.codecs.BsonDocumentCodec::encode (109 bytes)

Stack: [0x0000001b4fb00000,0x0000001b4fc00000]
Native frames: (J=compiled Java code, j=interpreted, Vv=VM code, C=native code)
V  [jvm.dll+0x6993aa]
V  [jvm.dll+0x7f46dd]
V  [jvm.dll+0x7f5fee]
V  [jvm.dll+0x7f66a3]
V  [jvm.dll+0x25cf1f]
V  [jvm.dll+0xb8c2f]
V  [jvm.dll+0xb8fa5]
V  [jvm.dll+0x2c7e2f]
V  [jvm.dll+0x5a0d8e]
V  [jvm.dll+0x238453]
V  [jvm.dll+0x231a39]
V  [jvm.dll+0x22f3cb]
V  [jvm.dll+0x1ba01c]
V  [jvm.dll+0x23ee0a]
V  [jvm.dll+0x23d0f5]
V  [jvm.dll+0x7a6dd1]
V  [jvm.dll+0x7a120a]
V  [jvm.dll+0x698255]
C  [ucrtbase.dll+0x210b2]
C  [KERNEL32.DLL+0x17c24]
C  [ntdll.dll+0x6d721]


---------------  P R O C E S S  ---------------

Threads class SMR info:
_java_thread_list=0x0000017e5e11ca70, length=32, elements={
0x0000017e58780820, 0x0000017e58781390, 0x0000017e5879bdf0, 0x0000017e5879c6a0,
0x0000017e5879cf50, 0x0000017e5879d940, 0x0000017e587a1ca0, 0x0000017e587a2590,
0x0000017e587afec0, 0x0000017e5cc18c20, 0x0000017e5ce31c10, 0x0000017e5cf299c0,
0x0000017e5d8cd490, 0x0000017e5d8ccaf0, 0x0000017e5d8cd960, 0x0000017e5f61c270,
0x0000017e5f61cc10, 0x0000017e5f616bd0, 0x0000017e5f61bda0, 0x0000017e5f61c740,
0x0000017e5f617a40, 0x0000017e5f617f10, 0x0000017e5f61d5b0, 0x0000017e5f61aa60,
0x0000017e5f6188b0, 0x0000017e5f616700, 0x0000017e5f61da80, 0x0000017e5f6183e0,
0x0000017e5f619720, 0x0000017e5f618d80, 0x0000017e5f61a0c0, 0x0000017e5f6170a0
}

Java Threads: ( => current thread )
  0x0000017e58780820 JavaThread "Reference Handler" daemon [_thread_blocked, id=7820, stack(0x0000001b4f500000,0x0000001b4f600000)]
  0x0000017e58781390 JavaThread "Finalizer" daemon [_thread_blocked, id=6244, stack(0x0000001b4f600000,0x0000001b4f700000)]
  0x0000017e5879bdf0 JavaThread "Signal Dispatcher" daemon [_thread_blocked, id=2308, stack(0x0000001b4f700000,0x0000001b4f800000)]
  0x0000017e5879c6a0 JavaThread "Attach Listener" daemon [_thread_blocked, id=5556, stack(0x0000001b4f800000,0x0000001b4f900000)]
  0x0000017e5879cf50 JavaThread "Service Thread" daemon [_thread_blocked, id=8072, stack(0x0000001b4f900000,0x0000001b4fa00000)]
  0x0000017e5879d940 JavaThread "Monitor Deflation Thread" daemon [_thread_blocked, id=4936, stack(0x0000001b4fa00000,0x0000001b4fb00000)]
=>0x0000017e587a1ca0 JavaThread "C2 CompilerThread0" daemon [_thread_in_native, id=7052, stack(0x0000001b4fb00000,0x0000001b4fc00000)]
  0x0000017e587a2590 JavaThread "C1 CompilerThread0" daemon [_thread_blocked, id=4908, stack(0x0000001b4fc00000,0x0000001b4fd00000)]
  0x0000017e587afec0 JavaThread "Sweeper thread" daemon [_thread_blocked, id=2948, stack(0x0000001b4fd00000,0x0000001b4fe00000)]
  0x0000017e5cc18c20 JavaThread "Common-Cleaner" daemon [_thread_blocked, id=7320, stack(0x0000001b4fe00000,0x0000001b4ff00000)]
  0x0000017e5ce31c10 JavaThread "Monitor Ctrl-Break" daemon [_thread_in_native, id=3128, stack(0x0000001b50000000,0x0000001b50100000)]
  0x0000017e5cf299c0 JavaThread "Notification Thread" daemon [_thread_blocked, id=4628, stack(0x0000001b50100000,0x0000001b50200000)]
  0x0000017e5d8cd490 JavaThread "BufferPoolPruner-1-thread-1" daemon [_thread_blocked, id=7528, stack(0x0000001b50600000,0x0000001b50700000)]
  0x0000017e5d8ccaf0 JavaThread "cluster-ClusterId{value='645235128fb24d5079f4776d', description='null'}-localhost:27017" daemon [_thread_in_native, id=7540, stack(0x0000001b50700000,0x0000001b50800000)]
  0x0000017e5d8cd960 JavaThread "cluster-rtt-ClusterId{value='645235128fb24d5079f4776d', description='null'}-localhost:27017" daemon [_thread_blocked, id=7980, stack(0x0000001b50800000,0x0000001b50900000)]
  0x0000017e5f61c270 JavaThread "MaintenanceTimer-2-thread-1" daemon [_thread_blocked, id=7484, stack(0x0000001b50a00000,0x0000001b50b00000)]
  0x0000017e5f61cc10 JavaThread "Catalina-utility-1" [_thread_blocked, id=4412, stack(0x0000001b50c00000,0x0000001b50d00000)]
  0x0000017e5f616bd0 JavaThread "Catalina-utility-2" [_thread_blocked, id=8032, stack(0x0000001b50d00000,0x0000001b50e00000)]
  0x0000017e5f61bda0 JavaThread "container-0" [_thread_blocked, id=7952, stack(0x0000001b50e00000,0x0000001b50f00000)]
  0x0000017e5f61c740 JavaThread "http-nio-8085-exec-1" daemon [_thread_blocked, id=7848, stack(0x0000001b50f00000,0x0000001b51000000)]
  0x0000017e5f617a40 JavaThread "http-nio-8085-exec-2" daemon [_thread_blocked, id=7900, stack(0x0000001b51000000,0x0000001b51100000)]
  0x0000017e5f617f10 JavaThread "http-nio-8085-exec-3" daemon [_thread_blocked, id=8080, stack(0x0000001b51100000,0x0000001b51200000)]
  0x0000017e5f61d5b0 JavaThread "http-nio-8085-exec-4" daemon [_thread_blocked, id=8060, stack(0x0000001b51200000,0x0000001b51300000)]
  0x0000017e5f61aa60 JavaThread "http-nio-8085-exec-5" daemon [_thread_blocked, id=8084, stack(0x0000001b51300000,0x0000001b51400000)]
  0x0000017e5f6188b0 JavaThread "http-nio-8085-exec-6" daemon [_thread_blocked, id=8068, stack(0x0000001b51400000,0x0000001b51500000)]
  0x0000017e5f616700 JavaThread "http-nio-8085-exec-7" daemon [_thread_blocked, id=4324, stack(0x0000001b51500000,0x0000001b51600000)]
  0x0000017e5f61da80 JavaThread "http-nio-8085-exec-8" daemon [_thread_blocked, id=8024, stack(0x0000001b51600000,0x0000001b51700000)]
  0x0000017e5f6183e0 JavaThread "http-nio-8085-exec-9" daemon [_thread_blocked, id=8128, stack(0x0000001b51700000,0x0000001b51800000)]
  0x0000017e5f619720 JavaThread "http-nio-8085-exec-10" daemon [_thread_blocked, id=8064, stack(0x0000001b51800000,0x0000001b51900000)]
  0x0000017e5f618d80 JavaThread "http-nio-8085-Poller" daemon [_thread_in_native, id=6228, stack(0x0000001b51900000,0x0000001b51a00000)]
  0x0000017e5f61a0c0 JavaThread "http-nio-8085-Acceptor" daemon [_thread_in_native, id=416, stack(0x0000001b51a00000,0x0000001b51b00000)]
  0x0000017e5f6170a0 JavaThread "DestroyJavaVM" [_thread_blocked, id=5036, stack(0x0000001b4ee00000,0x0000001b4ef00000)]

Other Threads:
  0x0000017e5877d910 VMThread "VM Thread" [stack: 0x0000001b4f400000,0x0000001b4f500000] [id=8180]
  0x0000017e5ceb8c60 WatcherThread "VM Periodic Task Thread" [stack: 0x0000001b50200000,0x0000001b50300000] [id=7476]
  0x0000017e3af13460 WorkerThread "GC Thread#0" [stack: 0x0000001b4ef00000,0x0000001b4f000000] [id=5664]
  0x0000017e5d226020 WorkerThread "GC Thread#1" [stack: 0x0000001b4ff00000,0x0000001b50000000] [id=7792]
  0x0000017e5d2476d0 WorkerThread "GC Thread#2" [stack: 0x0000001b50300000,0x0000001b50400000] [id=7868]
  0x0000017e5d47b510 WorkerThread "GC Thread#3" [stack: 0x0000001b50400000,0x0000001b50500000] [id=7516]
  0x0000017e3af24f30 ConcurrentGCThread "G1 Main Marker" [stack: 0x0000001b4f000000,0x0000001b4f100000] [id=7764]
  0x0000017e3af25fd0 WorkerThread "G1 Conc#0" [stack: 0x0000001b4f100000,0x0000001b4f200000] [id=8000]
  0x0000017e586360b0 ConcurrentGCThread "G1 Refine#0" [stack: 0x0000001b4f200000,0x0000001b4f300000] [id=3052]
  0x0000017e5d247970 ConcurrentGCThread "G1 Refine#1" [stack: 0x0000001b50500000,0x0000001b50600000] [id=6796]
  0x0000017e586368d0 ConcurrentGCThread "G1 Service" [stack: 0x0000001b4f300000,0x0000001b4f400000] [id=8020]

Threads with active compile tasks:
C2 CompilerThread0  33621482 7570       4       org.bson.codecs.BsonDocumentCodec::encode (109 bytes)

VM state: not at safepoint (normal execution)

VM Mutex/Monitor currently owned by a thread: None

Heap address: 0x0000000081c00000, size: 2020 MB, Compressed Oops mode: 32-bit

CDS archive(s) mapped at: [0x0000000800000000-0x0000000800ba0000-0x0000000800ba0000), size 12189696, SharedBaseAddress: 0x0000000800000000, ArchiveRelocationMode: 0.
Compressed class space mapped at: 0x0000000800c00000-0x0000000840c00000, reserved size: 1073741824
Narrow klass base: 0x0000000800000000, Narrow klass shift: 0, Narrow klass range: 0x100000000

GC Precious Log:
 CardTable entry size: 512
 Card Set container configuration: InlinePtr #cards 5 size 8 Array Of Cards #cards 12 size 40 Howl #buckets 4 coarsen threshold 1843 Howl Bitmap #cards 512 size 80 coarsen threshold 460 Card regions per heap region 1 cards per card region 2048
 CPUs: 4 total, 4 available
 Memory: 8072M
 Large Page Support: Disabled
 NUMA Support: Disabled
 Compressed Oops: Enabled (32-bit)
 Heap Region Size: 1M
 Heap Min Capacity: 8M
 Heap Initial Capacity: 128M
 Heap Max Capacity: 2020M
 Pre-touch: Disabled
 Parallel Workers: 4
 Concurrent Workers: 1
 Concurrent Refinement Workers: 4
 Periodic GC: Disabled

Heap:
 garbage-first heap   total 57344K, used 26104K [0x0000000081c00000, 0x0000000100000000)
  region size 1024K, 3 young (3072K), 1 survivors (1024K)
 Metaspace       used 48867K, committed 49344K, reserved 1114112K
  class space    used 6235K, committed 6464K, reserved 1048576K

Heap Regions: E=young(eden), S=young(survivor), O=old, HS=humongous(starts), HC=humongous(continues), CS=collection set, F=free, OA=open archive, CA=closed archive, TAMS=top-at-mark-start (previous, next)
|   0|0x0000000081c00000, 0x0000000081d00000, 0x0000000081d00000|100%| O|  |TAMS 0x0000000081d00000, 0x0000000081d00000| Untracked 
|   1|0x0000000081d00000, 0x0000000081e00000, 0x0000000081e00000|100%| O|  |TAMS 0x0000000081e00000, 0x0000000081e00000| Untracked 
|   2|0x0000000081e00000, 0x0000000081f00000, 0x0000000081f00000|100%| O|  |TAMS 0x0000000081f00000, 0x0000000081f00000| Untracked 
|   3|0x0000000081f00000, 0x0000000082000000, 0x0000000082000000|100%| O|  |TAMS 0x0000000082000000, 0x0000000082000000| Untracked 
|   4|0x0000000082000000, 0x0000000082100000, 0x0000000082100000|100%| O|  |TAMS 0x0000000082100000, 0x0000000082100000| Untracked 
|   5|0x0000000082100000, 0x0000000082200000, 0x0000000082200000|100%| O|  |TAMS 0x0000000082200000, 0x0000000082200000| Untracked 
|   6|0x0000000082200000, 0x000000008221bc00, 0x0000000082300000| 10%| O|  |TAMS 0x000000008221bc00, 0x000000008221bc00| Untracked 
|   7|0x0000000082300000, 0x0000000082400000, 0x0000000082400000|100%| O|  |TAMS 0x0000000082400000, 0x0000000082400000| Untracked 
|   8|0x0000000082400000, 0x0000000082500000, 0x0000000082500000|100%| O|  |TAMS 0x0000000082500000, 0x0000000082500000| Untracked 
|   9|0x0000000082500000, 0x0000000082600000, 0x0000000082600000|100%| O|  |TAMS 0x0000000082600000, 0x0000000082600000| Untracked 
|  10|0x0000000082600000, 0x0000000082700000, 0x0000000082700000|100%| O|  |TAMS 0x0000000082700000, 0x0000000082700000| Untracked 
|  11|0x0000000082700000, 0x0000000082800000, 0x0000000082800000|100%| O|  |TAMS 0x0000000082800000, 0x0000000082800000| Untracked 
|  12|0x0000000082800000, 0x0000000082900000, 0x0000000082900000|100%| O|  |TAMS 0x0000000082900000, 0x0000000082900000| Untracked 
|  13|0x0000000082900000, 0x0000000082a00000, 0x0000000082a00000|100%| O|  |TAMS 0x00000000829eee00, 0x0000000082a00000| Untracked 
|  14|0x0000000082a00000, 0x0000000082b00000, 0x0000000082b00000|100%| O|  |TAMS 0x0000000082a00000, 0x0000000082b00000| Untracked 
|  15|0x0000000082b00000, 0x0000000082c00000, 0x0000000082c00000|100%| O|  |TAMS 0x0000000082b00000, 0x0000000082c00000| Untracked 
|  16|0x0000000082c00000, 0x0000000082d00000, 0x0000000082d00000|100%| O|  |TAMS 0x0000000082c00000, 0x0000000082d00000| Untracked 
|  17|0x0000000082d00000, 0x0000000082e00000, 0x0000000082e00000|100%| O|  |TAMS 0x0000000082d00000, 0x0000000082e00000| Untracked 
|  18|0x0000000082e00000, 0x0000000082f00000, 0x0000000082f00000|100%| O|  |TAMS 0x0000000082e00000, 0x0000000082f00000| Untracked 
|  19|0x0000000082f00000, 0x0000000083000000, 0x0000000083000000|100%| O|  |TAMS 0x0000000082f00000, 0x0000000083000000| Untracked 
|  20|0x0000000083000000, 0x0000000083100000, 0x0000000083100000|100%| O|  |TAMS 0x0000000083000000, 0x0000000083100000| Untracked 
|  21|0x0000000083100000, 0x00000000831e7a00, 0x0000000083200000| 90%| O|  |TAMS 0x0000000083100000, 0x00000000831e7a00| Untracked 
|  22|0x0000000083200000, 0x0000000083300000, 0x0000000083300000|100%|HS|  |TAMS 0x0000000083200000, 0x0000000083200000| Complete 
|  23|0x0000000083300000, 0x0000000083400000, 0x0000000083400000|100%| O|  |TAMS 0x0000000083300000, 0x0000000083400000| Untracked 
|  24|0x0000000083400000, 0x0000000083500000, 0x0000000083500000|100%| O|  |TAMS 0x0000000083400000, 0x0000000083500000| Untracked 
|  25|0x0000000083500000, 0x0000000083500000, 0x0000000083600000|  0%| F|  |TAMS 0x0000000083500000, 0x0000000083500000| Untracked 
|  26|0x0000000083600000, 0x0000000083600000, 0x0000000083700000|  0%| F|  |TAMS 0x0000000083600000, 0x0000000083600000| Untracked 
|  27|0x0000000083700000, 0x0000000083700000, 0x0000000083800000|  0%| F|  |TAMS 0x0000000083700000, 0x0000000083700000| Untracked 
|  28|0x0000000083800000, 0x0000000083800000, 0x0000000083900000|  0%| F|  |TAMS 0x0000000083800000, 0x0000000083800000| Untracked 
|  29|0x0000000083900000, 0x0000000083900000, 0x0000000083a00000|  0%| F|  |TAMS 0x0000000083900000, 0x0000000083900000| Untracked 
|  30|0x0000000083a00000, 0x0000000083a00000, 0x0000000083b00000|  0%| F|  |TAMS 0x0000000083a00000, 0x0000000083a00000| Untracked 
|  31|0x0000000083b00000, 0x0000000083b00000, 0x0000000083c00000|  0%| F|  |TAMS 0x0000000083b00000, 0x0000000083b00000| Untracked 
|  32|0x0000000083c00000, 0x0000000083c00000, 0x0000000083d00000|  0%| F|  |TAMS 0x0000000083c00000, 0x0000000083c00000| Untracked 
|  33|0x0000000083d00000, 0x0000000083d00000, 0x0000000083e00000|  0%| F|  |TAMS 0x0000000083d00000, 0x0000000083d00000| Untracked 
|  34|0x0000000083e00000, 0x0000000083e00000, 0x0000000083f00000|  0%| F|  |TAMS 0x0000000083e00000, 0x0000000083e00000| Untracked 
|  35|0x0000000083f00000, 0x0000000083f00000, 0x0000000084000000|  0%| F|  |TAMS 0x0000000083f00000, 0x0000000083f00000| Untracked 
|  36|0x0000000084000000, 0x0000000084000000, 0x0000000084100000|  0%| F|  |TAMS 0x0000000084000000, 0x0000000084000000| Untracked 
|  37|0x0000000084100000, 0x0000000084100000, 0x0000000084200000|  0%| F|  |TAMS 0x0000000084100000, 0x0000000084100000| Untracked 
|  38|0x0000000084200000, 0x0000000084200000, 0x0000000084300000|  0%| F|  |TAMS 0x0000000084200000, 0x0000000084200000| Untracked 
|  39|0x0000000084300000, 0x0000000084300000, 0x0000000084400000|  0%| F|  |TAMS 0x0000000084300000, 0x0000000084300000| Untracked 
|  40|0x0000000084400000, 0x0000000084400000, 0x0000000084500000|  0%| F|  |TAMS 0x0000000084400000, 0x0000000084400000| Untracked 
|  41|0x0000000084500000, 0x0000000084500000, 0x0000000084600000|  0%| F|  |TAMS 0x0000000084500000, 0x0000000084500000| Untracked 
|  42|0x0000000084600000, 0x0000000084600000, 0x0000000084700000|  0%| F|  |TAMS 0x0000000084600000, 0x0000000084600000| Untracked 
|  43|0x0000000084700000, 0x0000000084700000, 0x0000000084800000|  0%| F|  |TAMS 0x0000000084700000, 0x0000000084700000| Untracked 
|  44|0x0000000084800000, 0x0000000084800000, 0x0000000084900000|  0%| F|  |TAMS 0x0000000084800000, 0x0000000084800000| Untracked 
|  45|0x0000000084900000, 0x0000000084900000, 0x0000000084a00000|  0%| F|  |TAMS 0x0000000084900000, 0x0000000084900000| Untracked 
|  46|0x0000000084a00000, 0x0000000084a00000, 0x0000000084b00000|  0%| F|  |TAMS 0x0000000084a00000, 0x0000000084a00000| Untracked 
|  47|0x0000000084b00000, 0x0000000084b00000, 0x0000000084c00000|  0%| F|  |TAMS 0x0000000084b00000, 0x0000000084b00000| Untracked 
|  72|0x0000000086400000, 0x0000000086400000, 0x0000000086500000|  0%| F|  |TAMS 0x0000000086400000, 0x0000000086400000| Untracked 
|  73|0x0000000086500000, 0x0000000086500000, 0x0000000086600000|  0%| F|  |TAMS 0x0000000086500000, 0x0000000086500000| Untracked 
|  74|0x0000000086600000, 0x0000000086600000, 0x0000000086700000|  0%| F|  |TAMS 0x0000000086600000, 0x0000000086600000| Untracked 
|  75|0x0000000086700000, 0x000000008677abe0, 0x0000000086800000| 47%| S|CS|TAMS 0x0000000086700000, 0x0000000086700000| Complete 
|  76|0x0000000086800000, 0x0000000086800000, 0x0000000086900000|  0%| F|  |TAMS 0x0000000086800000, 0x0000000086800000| Untracked 
|  77|0x0000000086900000, 0x00000000869bf9e0, 0x0000000086a00000| 74%| E|  |TAMS 0x0000000086900000, 0x0000000086900000| Complete 
| 127|0x0000000089b00000, 0x0000000089c00000, 0x0000000089c00000|100%| E|  |TAMS 0x0000000089b00000, 0x0000000089b00000| Complete 
|2019|0x00000000fff00000, 0x0000000100000000, 0x0000000100000000|100%| O|  |TAMS 0x0000000100000000, 0x0000000100000000| Untracked 

Card table byte_map: [0x0000017e51bd0000,0x0000017e51fd0000] _byte_map_base: 0x0000017e517c2000

Marking Bits (Prev, Next): (CMBitMap*) 0x0000017e3af14980, (CMBitMap*) 0x0000017e3af149c0
 Prev Bits: [0x0000017e523d0000, 0x0000017e54360000)
 Next Bits: [0x0000017e54360000, 0x0000017e562f0000)

Polling page: 0x0000017e38cc0000

Metaspace:

Usage:
  Non-class:     41.63 MB used.
      Class:      6.09 MB used.
       Both:     47.72 MB used.

Virtual space:
  Non-class space:       64.00 MB reserved,      41.88 MB ( 65%) committed,  1 nodes.
      Class space:        1.00 GB reserved,       6.31 MB ( <1%) committed,  1 nodes.
             Both:        1.06 GB reserved,      48.19 MB (  4%) committed. 

Chunk freelists:
   Non-Class:  1.70 MB
       Class:  1.51 MB
        Both:  3.21 MB

MaxMetaspaceSize: unlimited
CompressedClassSpaceSize: 1.00 GB
Initial GC threshold: 21.00 MB
Current GC threshold: 59.06 MB
CDS: on
MetaspaceReclaimPolicy: balanced
 - commit_granule_bytes: 65536.
 - commit_granule_words: 8192.
 - virtual_space_node_default_size: 8388608.
 - enlarge_chunks_in_place: 1.
 - new_chunks_are_fully_committed: 0.
 - uncommit_free_chunks: 1.
 - use_allocation_guard: 0.


Internal statistics:

num_allocs_failed_limit: 6.
num_arena_births: 610.
num_arena_deaths: 0.
num_vsnodes_births: 2.
num_vsnodes_deaths: 0.
num_space_committed: 771.
num_space_uncommitted: 0.
num_chunks_returned_to_freelist: 6.
num_chunks_taken_from_freelist: 2347.
num_chunk_merges: 6.
num_chunk_splits: 1649.
num_chunks_enlarged: 1349.
num_inconsistent_stats: 0.

CodeHeap 'non-profiled nmethods': size=120000Kb used=4069Kb max_used=4069Kb free=115930Kb
 bounds [0x0000017e4a2a0000, 0x0000017e4a6a0000, 0x0000017e517d0000]
CodeHeap 'profiled nmethods': size=120000Kb used=13576Kb max_used=13576Kb free=106423Kb
 bounds [0x0000017e42d70000, 0x0000017e43ac0000, 0x0000017e4a2a0000]
CodeHeap 'non-nmethods': size=5760Kb used=1286Kb max_used=1357Kb free=4473Kb
 bounds [0x0000017e427d0000, 0x0000017e42a40000, 0x0000017e42d70000]
 total_blobs=7382 nmethods=6786 adapters=506
 compilation: enabled
              stopped_count=0, restarted_count=0
 full_count=0

Compilation events (20 events):
Event: 33534.636 Thread 0x0000017e587a2590 7561       3       com.mongodb.connection.ClusterDescription$$Lambda$1121/0x00000008011b05e0::apply (5 bytes)
Event: 33534.636 Thread 0x0000017e587a2590 nmethod 7561 0x0000017e43aafa90 code [0x0000017e43aafc60, 0x0000017e43aafef8]
Event: 33534.728 Thread 0x0000017e587a1ca0 nmethod 7557 0x0000017e4a697410 code [0x0000017e4a6975c0, 0x0000017e4a698168]
Event: 33534.728 Thread 0x0000017e587a1ca0 7558       4       java.util.TreeMap$PrivateEntryIterator::hasNext (13 bytes)
Event: 33534.729 Thread 0x0000017e587a1ca0 nmethod 7558 0x0000017e4a698490 code [0x0000017e4a698600, 0x0000017e4a698698]
Event: 33594.673 Thread 0x0000017e587a1ca0 7563       4       java.util.concurrent.locks.AbstractQueuedSynchronizer::release (19 bytes)
Event: 33594.674 Thread 0x0000017e587a1ca0 nmethod 7563 0x0000017e4a698790 code [0x0000017e4a698920, 0x0000017e4a698a48]
Event: 33616.571 Thread 0x0000017e587a2590 7564       3       java.util.AbstractSequentialList::iterator (5 bytes)
Event: 33616.571 Thread 0x0000017e587a2590 nmethod 7564 0x0000017e43ab0010 code [0x0000017e43ab0200, 0x0000017e43ab0788]
Event: 33616.571 Thread 0x0000017e587a2590 7565       3       java.util.LinkedList::listIterator (15 bytes)
Event: 33616.572 Thread 0x0000017e587a2590 nmethod 7565 0x0000017e43ab0990 code [0x0000017e43ab0b80, 0x0000017e43ab0fe8]
Event: 33616.573 Thread 0x0000017e587a1ca0 7566       4       java.nio.CharBuffer::<init> (24 bytes)
Event: 33616.575 Thread 0x0000017e587a2590 7567       3       com.fasterxml.jackson.core.json.UTF8JsonGenerator::writeEndObject (111 bytes)
Event: 33616.576 Thread 0x0000017e587a2590 nmethod 7567 0x0000017e43ab1190 code [0x0000017e43ab1420, 0x0000017e43ab2048]
Event: 33616.577 Thread 0x0000017e587a2590 7569       3       org.apache.coyote.http11.Http11Processor::isUpgrade (13 bytes)
Event: 33616.577 Thread 0x0000017e587a2590 nmethod 7569 0x0000017e43ab2490 code [0x0000017e43ab2620, 0x0000017e43ab2798]
Event: 33616.577 Thread 0x0000017e587a1ca0 nmethod 7566 0x0000017e4a698b90 code [0x0000017e4a698d20, 0x0000017e4a6990d8]
Event: 33616.577 Thread 0x0000017e587a1ca0 7568       4       java.nio.ByteBuffer::mark (7 bytes)
Event: 33616.577 Thread 0x0000017e587a1ca0 nmethod 7568 0x0000017e4a699390 code [0x0000017e4a699500, 0x0000017e4a699578]
Event: 33620.582 Thread 0x0000017e587a1ca0 7570       4       org.bson.codecs.BsonDocumentCodec::encode (109 bytes)

GC Heap History (20 events):
Event: 12079.652 GC heap before
{Heap before GC invocations=15 (full 0):
 garbage-first heap   total 57344K, used 43384K [0x0000000081c00000, 0x0000000100000000)
  region size 1024K, 21 young (21504K), 2 survivors (2048K)
 Metaspace       used 48269K, committed 48704K, reserved 1114112K
  class space    used 6174K, committed 6400K, reserved 1048576K
}
Event: 12079.685 GC heap after
{Heap after GC invocations=16 (full 0):
 garbage-first heap   total 57344K, used 25540K [0x0000000081c00000, 0x0000000100000000)
  region size 1024K, 2 young (2048K), 2 survivors (2048K)
 Metaspace       used 48269K, committed 48704K, reserved 1114112K
  class space    used 6174K, committed 6400K, reserved 1048576K
}
Event: 17787.658 GC heap before
{Heap before GC invocations=16 (full 0):
 garbage-first heap   total 57344K, used 43972K [0x0000000081c00000, 0x0000000100000000)
  region size 1024K, 21 young (21504K), 2 survivors (2048K)
 Metaspace       used 48289K, committed 48768K, reserved 1114112K
  class space    used 6175K, committed 6400K, reserved 1048576K
}
Event: 17787.684 GC heap after
{Heap after GC invocations=17 (full 0):
 garbage-first heap   total 57344K, used 24888K [0x0000000081c00000, 0x0000000100000000)
  region size 1024K, 2 young (2048K), 2 survivors (2048K)
 Metaspace       used 48289K, committed 48768K, reserved 1114112K
  class space    used 6175K, committed 6400K, reserved 1048576K
}
Event: 23696.868 GC heap before
{Heap before GC invocations=17 (full 0):
 garbage-first heap   total 57344K, used 44344K [0x0000000081c00000, 0x0000000100000000)
  region size 1024K, 22 young (22528K), 2 survivors (2048K)
 Metaspace       used 48303K, committed 48768K, reserved 1114112K
  class space    used 6175K, committed 6400K, reserved 1048576K
}
Event: 23696.873 GC heap after
{Heap after GC invocations=18 (full 0):
 garbage-first heap   total 57344K, used 24838K [0x0000000081c00000, 0x0000000100000000)
  region size 1024K, 1 young (1024K), 1 survivors (1024K)
 Metaspace       used 48303K, committed 48768K, reserved 1114112K
  class space    used 6175K, committed 6400K, reserved 1048576K
}
Event: 30180.291 GC heap before
{Heap before GC invocations=18 (full 0):
 garbage-first heap   total 57344K, used 46342K [0x0000000081c00000, 0x0000000100000000)
  region size 1024K, 23 young (23552K), 1 survivors (1024K)
 Metaspace       used 48316K, committed 48768K, reserved 1114112K
  class space    used 6175K, committed 6400K, reserved 1048576K
}
Event: 30180.312 GC heap after
{Heap after GC invocations=19 (full 0):
 garbage-first heap   total 57344K, used 24928K [0x0000000081c00000, 0x0000000100000000)
  region size 1024K, 2 young (2048K), 2 survivors (2048K)
 Metaspace       used 48316K, committed 48768K, reserved 1114112K
  class space    used 6175K, committed 6400K, reserved 1048576K
}
Event: 32972.655 GC heap before
{Heap before GC invocations=19 (full 0):
 garbage-first heap   total 57344K, used 45408K [0x0000000081c00000, 0x0000000100000000)
  region size 1024K, 23 young (23552K), 2 survivors (2048K)
 Metaspace       used 48428K, committed 48896K, reserved 1114112K
  class space    used 6178K, committed 6400K, reserved 1048576K
}
Event: 32972.659 GC heap after
{Heap after GC invocations=20 (full 0):
 garbage-first heap   total 57344K, used 25299K [0x0000000081c00000, 0x0000000100000000)
  region size 1024K, 2 young (2048K), 2 survivors (2048K)
 Metaspace       used 48428K, committed 48896K, reserved 1114112K
  class space    used 6178K, committed 6400K, reserved 1048576K
}
Event: 33087.683 GC heap before
{Heap before GC invocations=20 (full 0):
 garbage-first heap   total 57344K, used 29395K [0x0000000081c00000, 0x0000000100000000)
  region size 1024K, 8 young (8192K), 2 survivors (2048K)
 Metaspace       used 48808K, committed 49280K, reserved 1114112K
  class space    used 6234K, committed 6464K, reserved 1048576K
}
Event: 33087.709 GC heap after
{Heap after GC invocations=21 (full 0):
 garbage-first heap   total 57344K, used 26306K [0x0000000081c00000, 0x0000000100000000)
  region size 1024K, 3 young (3072K), 3 survivors (3072K)
 Metaspace       used 48808K, committed 49280K, reserved 1114112K
  class space    used 6234K, committed 6464K, reserved 1048576K
}
Event: 33181.903 GC heap before
{Heap before GC invocations=21 (full 0):
 garbage-first heap   total 57344K, used 27330K [0x0000000081c00000, 0x0000000100000000)
  region size 1024K, 4 young (4096K), 3 survivors (3072K)
 Metaspace       used 48818K, committed 49344K, reserved 1114112K
  class space    used 6235K, committed 6464K, reserved 1048576K
}
Event: 33181.909 GC heap after
{Heap after GC invocations=22 (full 0):
 garbage-first heap   total 57344K, used 25033K [0x0000000081c00000, 0x0000000100000000)
  region size 1024K, 1 young (1024K), 1 survivors (1024K)
 Metaspace       used 48818K, committed 49344K, reserved 1114112K
  class space    used 6235K, committed 6464K, reserved 1048576K
}
Event: 33264.061 GC heap before
{Heap before GC invocations=22 (full 0):
 garbage-first heap   total 57344K, used 26057K [0x0000000081c00000, 0x0000000100000000)
  region size 1024K, 3 young (3072K), 1 survivors (1024K)
 Metaspace       used 48823K, committed 49344K, reserved 1114112K
  class space    used 6235K, committed 6464K, reserved 1048576K
}
Event: 33264.062 GC heap after
{Heap after GC invocations=23 (full 0):
 garbage-first heap   total 57344K, used 25017K [0x0000000081c00000, 0x0000000100000000)
  region size 1024K, 1 young (1024K), 1 survivors (1024K)
 Metaspace       used 48823K, committed 49344K, reserved 1114112K
  class space    used 6235K, committed 6464K, reserved 1048576K
}
Event: 33534.633 GC heap before
{Heap before GC invocations=23 (full 0):
 garbage-first heap   total 57344K, used 36281K [0x0000000081c00000, 0x0000000100000000)
  region size 1024K, 13 young (13312K), 1 survivors (1024K)
 Metaspace       used 48861K, committed 49344K, reserved 1114112K
  class space    used 6235K, committed 6464K, reserved 1048576K
}
Event: 33534.635 GC heap after
{Heap after GC invocations=24 (full 0):
 garbage-first heap   total 57344K, used 25041K [0x0000000081c00000, 0x0000000100000000)
  region size 1024K, 1 young (1024K), 1 survivors (1024K)
 Metaspace       used 48861K, committed 49344K, reserved 1114112K
  class space    used 6235K, committed 6464K, reserved 1048576K
}
Event: 33616.566 GC heap before
{Heap before GC invocations=24 (full 0):
 garbage-first heap   total 57344K, used 27089K [0x0000000081c00000, 0x0000000100000000)
  region size 1024K, 4 young (4096K), 1 survivors (1024K)
 Metaspace       used 48863K, committed 49344K, reserved 1114112K
  class space    used 6235K, committed 6464K, reserved 1048576K
}
Event: 33616.569 GC heap after
{Heap after GC invocations=25 (full 0):
 garbage-first heap   total 57344K, used 25080K [0x0000000081c00000, 0x0000000100000000)
  region size 1024K, 1 young (1024K), 1 survivors (1024K)
 Metaspace       used 48863K, committed 49344K, reserved 1114112K
  class space    used 6235K, committed 6464K, reserved 1048576K
}

Deoptimization events (20 events):
Event: 33087.682 Thread 0x0000017e5f6188b0 Uncommon trap: trap_request=0xffffffc6 fr.pc=0x0000017e4a6084f8 relative=0x0000000000000438
Event: 33087.682 Thread 0x0000017e5f6188b0 Uncommon trap: reason=bimorphic_or_optimized_type_check action=maybe_recompile pc=0x0000017e4a6084f8 method=org.bson.AbstractBsonWriter.writeName(Ljava/lang/String;)V @ 45 c2
Event: 33087.682 Thread 0x0000017e5f6188b0 DEOPT PACKING pc=0x0000017e4a6084f8 sp=0x0000001b514f8fb0
Event: 33087.682 Thread 0x0000017e5f6188b0 DEOPT UNPACKING pc=0x0000017e428223a3 sp=0x0000001b514f8f98 mode 2
Event: 33087.682 Thread 0x0000017e5f6188b0 Uncommon trap: trap_request=0xffffff45 fr.pc=0x0000017e4a63273c relative=0x000000000000183c
Event: 33087.683 Thread 0x0000017e5f6188b0 Uncommon trap: reason=unstable_if action=reinterpret pc=0x0000017e4a63273c method=org.bson.BsonBinaryWriter.writeCurrentName()V @ 10 c2
Event: 33087.683 Thread 0x0000017e5f6188b0 DEOPT PACKING pc=0x0000017e4a63273c sp=0x0000001b514f8ad0
Event: 33087.683 Thread 0x0000017e5f6188b0 DEOPT UNPACKING pc=0x0000017e428223a3 sp=0x0000001b514f8a10 mode 2
Event: 33087.683 Thread 0x0000017e5f6188b0 Uncommon trap: trap_request=0xffffff45 fr.pc=0x0000017e4a608ff0 relative=0x00000000000000d0
Event: 33087.683 Thread 0x0000017e5f6188b0 Uncommon trap: reason=unstable_if action=reinterpret pc=0x0000017e4a608ff0 method=org.bson.BsonBinaryWriter.writeCurrentName()V @ 10 c2
Event: 33087.683 Thread 0x0000017e5f6188b0 DEOPT PACKING pc=0x0000017e4a608ff0 sp=0x0000001b514f8a10
Event: 33087.683 Thread 0x0000017e5f6188b0 DEOPT UNPACKING pc=0x0000017e428223a3 sp=0x0000001b514f89a0 mode 2
Event: 33087.715 Thread 0x0000017e5f6188b0 Uncommon trap: trap_request=0xffffffdc fr.pc=0x0000017e4a688d78 relative=0x0000000000000258
Event: 33087.715 Thread 0x0000017e5f6188b0 Uncommon trap: reason=class_check action=make_not_entrant pc=0x0000017e4a688d78 method=java.util.ArrayList.toArray([Ljava/lang/Object;)[Ljava/lang/Object; @ 21 c2
Event: 33087.715 Thread 0x0000017e5f6188b0 DEOPT PACKING pc=0x0000017e4a688d78 sp=0x0000001b514fb5f0
Event: 33087.715 Thread 0x0000017e5f6188b0 DEOPT UNPACKING pc=0x0000017e428223a3 sp=0x0000001b514fb5b0 mode 2
Event: 33087.717 Thread 0x0000017e5f6188b0 Uncommon trap: trap_request=0xffffff45 fr.pc=0x0000017e4a5f4740 relative=0x0000000000000940
Event: 33087.717 Thread 0x0000017e5f6188b0 Uncommon trap: reason=unstable_if action=reinterpret pc=0x0000017e4a5f4740 method=org.apache.coyote.http11.Http11OutputBuffer.write(Lorg/apache/tomcat/util/buf/MessageBytes;)V @ 5 c2
Event: 33087.718 Thread 0x0000017e5f6188b0 DEOPT PACKING pc=0x0000017e4a5f4740 sp=0x0000001b514fb050
Event: 33087.718 Thread 0x0000017e5f6188b0 DEOPT UNPACKING pc=0x0000017e428223a3 sp=0x0000001b514fb000 mode 2

Classes loaded (20 events):
Event: 2861.455 Loading class javax/crypto/MacSpi
Event: 2861.455 Loading class javax/crypto/MacSpi done
Event: 2861.455 Loading class com/sun/crypto/provider/HmacCore done
Event: 2861.455 Loading class com/sun/crypto/provider/HmacCore$HmacSHA512 done
Event: 2861.455 Loading class sun/security/provider/SHA5$SHA512
Event: 2861.484 Loading class sun/security/provider/SHA5
Event: 2861.517 Loading class sun/security/provider/SHA5 done
Event: 2861.517 Loading class sun/security/provider/SHA5$SHA512 done
Event: 2871.318 Loading class jdk/internal/ValueBased
Event: 2871.321 Loading class java/util/concurrent/ConcurrentHashMap$TreeBin
Event: 2871.350 Loading class jdk/internal/ValueBased done
Event: 2871.378 Loading class java/util/concurrent/ConcurrentHashMap$TreeBin done
Event: 5734.753 Loading class java/io/FileOutputStream$1
Event: 5734.771 Loading class java/io/FileOutputStream$1 done
Event: 5734.883 Loading class jdk/internal/reflect/AccessorUtils
Event: 5734.891 Loading class jdk/internal/reflect/AccessorUtils done
Event: 5734.925 Loading class sun/reflect/Reflection
Event: 5734.925 Loading class sun/reflect/Reflection done
Event: 33087.618 Loading class java/util/concurrent/ConcurrentHashMap$EntrySpliterator
Event: 33087.636 Loading class java/util/concurrent/ConcurrentHashMap$EntrySpliterator done

Classes unloaded (0 events):
No events

Classes redefined (0 events):
No events

Internal exceptions (20 events):
Event: 1635.449 Thread 0x0000017e5f61c740 Exception <a 'java/lang/NoSuchMethodError'{0x000000008451a860}: 'double java.lang.invoke.DelegatingMethodHandle$Holder.reinvoke_L(java.lang.Object, java.lang.Object)'> (0x000000008451a860) 
thrown [s\open\src\hotspot\share\interpreter\linkResolver.cpp, line 759]
Event: 1635.486 Thread 0x0000017e5f61c740 Exception <a 'java/io/IOException'{0x000000008452ebb0}> (0x000000008452ebb0) 
thrown [s\open\src\hotspot\share\prims\jni.cpp, line 516]
Event: 1635.486 Thread 0x0000017e5f61c740 Exception <a 'java/io/IOException'{0x0000000084530918}> (0x0000000084530918) 
thrown [s\open\src\hotspot\share\prims\jni.cpp, line 516]
Event: 1635.490 Thread 0x0000017e5f61c740 Exception <a 'java/io/IOException'{0x00000000845475b0}> (0x00000000845475b0) 
thrown [s\open\src\hotspot\share\prims\jni.cpp, line 516]
Event: 2859.859 Thread 0x0000017e5f61aa60 Exception <a 'java/lang/NoSuchMethodError'{0x00000000866ebe50}: 'java.lang.Object java.lang.invoke.DirectMethodHandle$Holder.invokeInterface(java.lang.Object, java.lang.Object, int)'> (0x00000000866ebe50) 
thrown [s\open\src\hotspot\share\interpreter\linkResolver.cpp, line 759]
Event: 2860.642 Thread 0x0000017e5f61aa60 Exception <a 'sun/nio/fs/WindowsException'{0x0000000084b7de18}> (0x0000000084b7de18) 
thrown [s\open\src\hotspot\share\prims\jni.cpp, line 516]
Event: 2861.520 Thread 0x0000017e5f61aa60 Implicit null exception at 0x0000017e4a493e73 to 0x0000017e4a49408c
Event: 5734.861 Thread 0x0000017e5f617f10 Implicit null exception at 0x0000017e4a494660 to 0x0000017e4a494794
Event: 5734.863 Thread 0x0000017e5f617f10 Exception <a 'java/lang/NoSuchMethodError'{0x00000000867c04a8}: 'java.lang.Object java.lang.invoke.DirectMethodHandle$Holder.invokeVirtual(java.lang.Object, java.lang.Object, java.lang.Object, java.lang.Object, java.lang.Object, java.lang.Object)'> (0x00000000867c04a8) 
thrown [s\open\src\hotspot\share\interpreter\linkResolver.cpp, line 759]
Event: 5734.883 Thread 0x0000017e5f617f10 Exception <a 'java/lang/NullPointerException'{0x00000000867db020}> (0x00000000867db020) 
thrown [s\open\src\hotspot\share\interpreter\linkResolver.cpp, line 1433]
Event: 5734.925 Thread 0x0000017e5f617f10 Exception <a 'java/lang/NoClassDefFoundError'{0x00000000867f9f58}: sun/reflect/Reflection> (0x00000000867f9f58) 
thrown [s\open\src\hotspot\share\classfile\systemDictionary.cpp, line 244]
Event: 33087.118 Thread 0x0000017e5f6188b0 Exception <a 'java/lang/NoSuchMethodError'{0x0000000086934f98}: 'void java.lang.invoke.DirectMethodHandle$Holder.invokeVirtual(java.lang.Object, java.lang.Object, double)'> (0x0000000086934f98) 
thrown [s\open\src\hotspot\share\interpreter\linkResolver.cpp, line 759]
Event: 33087.527 Thread 0x0000017e5f6188b0 Exception <a 'java/lang/NoSuchMethodError'{0x0000000086653d00}: 'void java.lang.invoke.DirectMethodHandle$Holder.invokeSpecial(java.lang.Object, java.lang.Object, long)'> (0x0000000086653d00) 
thrown [s\open\src\hotspot\share\interpreter\linkResolver.cpp, line 759]
Event: 33087.530 Thread 0x0000017e5f6188b0 Exception <a 'java/lang/NoSuchMethodError'{0x000000008665aa48}: 'java.lang.Object java.lang.invoke.DirectMethodHandle$Holder.newInvokeSpecial(java.lang.Object, java.lang.Object, long)'> (0x000000008665aa48) 
thrown [s\open\src\hotspot\share\interpreter\linkResolver.cpp, line 759]
Event: 33087.530 Thread 0x0000017e5f6188b0 Exception <a 'java/lang/NoSuchMethodError'{0x000000008665f3c0}: 'java.lang.Object java.lang.invoke.Invokers$Holder.linkToTargetMethod(java.lang.Object, long, java.lang.Object)'> (0x000000008665f3c0) 
thrown [s\open\src\hotspot\share\interpreter\linkResolver.cpp, line 759]
Event: 33087.531 Thread 0x0000017e5f6188b0 Exception <a 'java/lang/NoSuchMethodError'{0x0000000086665f20}: 'java.lang.Object java.lang.invoke.DirectMethodHandle$Holder.newInvokeSpecial(java.lang.Object, double)'> (0x0000000086665f20) 
thrown [s\open\src\hotspot\share\interpreter\linkResolver.cpp, line 759]
Event: 33087.531 Thread 0x0000017e5f6188b0 Exception <a 'java/lang/NoSuchMethodError'{0x000000008666ae88}: 'void java.lang.invoke.DirectMethodHandle$Holder.invokeSpecial(java.lang.Object, java.lang.Object, double)'> (0x000000008666ae88) 
thrown [s\open\src\hotspot\share\interpreter\linkResolver.cpp, line 759]
Event: 33087.532 Thread 0x0000017e5f6188b0 Exception <a 'java/lang/NoSuchMethodError'{0x00000000866720a8}: 'java.lang.Object java.lang.invoke.DirectMethodHandle$Holder.newInvokeSpecial(java.lang.Object, java.lang.Object, double)'> (0x00000000866720a8) 
thrown [s\open\src\hotspot\share\interpreter\linkResolver.cpp, line 759]
Event: 33087.533 Thread 0x0000017e5f6188b0 Exception <a 'java/lang/NoSuchMethodError'{0x0000000086676f98}: 'java.lang.Object java.lang.invoke.DirectMethodHandle$Holder.invokeSpecial(java.lang.Object, java.lang.Object, java.lang.Object, double)'> (0x0000000086676f98) 
thrown [s\open\src\hotspot\share\interpreter\linkResolver.cpp, line 759]
Event: 33087.572 Thread 0x0000017e5f6188b0 Implicit null exception at 0x0000017e4a59dacb to 0x0000017e4a59dd28

VM Operations (20 events):
Event: 33264.061 Executing VM operation: G1TryInitiateConcMark
Event: 33264.062 Executing VM operation: G1TryInitiateConcMark done
Event: 33271.067 Executing VM operation: Cleanup
Event: 33271.067 Executing VM operation: Cleanup done
Event: 33311.079 Executing VM operation: Cleanup
Event: 33311.079 Executing VM operation: Cleanup done
Event: 33315.080 Executing VM operation: Cleanup
Event: 33315.080 Executing VM operation: Cleanup done
Event: 33348.093 Executing VM operation: Cleanup
Event: 33348.093 Executing VM operation: Cleanup done
Event: 33413.112 Executing VM operation: Cleanup
Event: 33413.112 Executing VM operation: Cleanup done
Event: 33534.610 Executing VM operation: G1TryInitiateConcMark
Event: 33534.635 Executing VM operation: G1TryInitiateConcMark done
Event: 33540.637 Executing VM operation: Cleanup
Event: 33540.637 Executing VM operation: Cleanup done
Event: 33616.566 Executing VM operation: G1TryInitiateConcMark
Event: 33616.569 Executing VM operation: G1TryInitiateConcMark done
Event: 33617.569 Executing VM operation: Cleanup
Event: 33617.570 Executing VM operation: Cleanup done

Events (20 events):
Event: 35.906 Thread 0x0000017e587afec0 flushing nmethod 0x0000017e4360d090
Event: 35.906 Thread 0x0000017e587afec0 flushing nmethod 0x0000017e43626110
Event: 35.907 Thread 0x0000017e587afec0 flushing nmethod 0x0000017e43656490
Event: 35.907 Thread 0x0000017e587afec0 flushing nmethod 0x0000017e43657610
Event: 35.907 Thread 0x0000017e587afec0 flushing nmethod 0x0000017e4369c110
Event: 35.907 Thread 0x0000017e587afec0 flushing nmethod 0x0000017e436bc590
Event: 35.907 Thread 0x0000017e587afec0 flushing nmethod 0x0000017e436dc810
Event: 35.907 Thread 0x0000017e587afec0 flushing nmethod 0x0000017e4374b990
Event: 35.907 Thread 0x0000017e587afec0 flushing nmethod 0x0000017e43758310
Event: 35.907 Thread 0x0000017e587afec0 flushing nmethod 0x0000017e4375c110
Event: 35.907 Thread 0x0000017e587afec0 flushing nmethod 0x0000017e4379b610
Event: 35.907 Thread 0x0000017e587afec0 flushing nmethod 0x0000017e4379f690
Event: 35.907 Thread 0x0000017e587afec0 flushing nmethod 0x0000017e437f8590
Event: 35.907 Thread 0x0000017e587afec0 flushing nmethod 0x0000017e437f8b90
Event: 35.907 Thread 0x0000017e587afec0 flushing nmethod 0x0000017e437fa090
Event: 1634.784 Thread 0x0000017e5d2a53d0 Thread added: 0x0000017e5d2a53d0
Event: 1636.125 Thread 0x0000017e5d2a53d0 Thread exited: 0x0000017e5d2a53d0
Event: 2861.624 Thread 0x0000017e5d2a53d0 Thread added: 0x0000017e5d2a53d0
Event: 2864.656 Thread 0x0000017e5d2a53d0 Thread exited: 0x0000017e5d2a53d0
Event: 16908.578 Thread 0x0000017e587afec0 flushing nmethod 0x0000017e43101d90


Dynamic libraries:
0x00007ff6ecd80000 - 0x00007ff6ecd90000 	C:\Program Files\Java\jdk-18.0.2.1\bin\java.exe
0x00007ff85a500000 - 0x00007ff85a6f0000 	C:\Windows\SYSTEM32\ntdll.dll
0x00007ff859de0000 - 0x00007ff859e92000 	C:\Windows\System32\KERNEL32.DLL
0x00007ff857470000 - 0x00007ff857715000 	C:\Windows\System32\KERNELBASE.dll
0x00007ff857a90000 - 0x00007ff857b8a000 	C:\Windows\System32\ucrtbase.dll
0x00007ff835180000 - 0x00007ff835198000 	C:\Program Files\Java\jdk-18.0.2.1\bin\jli.dll
0x00007ff834320000 - 0x00007ff83433a000 	C:\Program Files\Java\jdk-18.0.2.1\bin\VCRUNTIME140.dll
0x00007ff859230000 - 0x00007ff8592d3000 	C:\Windows\System32\ADVAPI32.dll
0x00007ff8592e0000 - 0x00007ff85937e000 	C:\Windows\System32\msvcrt.dll
0x00007ff8598d0000 - 0x00007ff859967000 	C:\Windows\System32\sechost.dll
0x00007ff85a320000 - 0x00007ff85a43f000 	C:\Windows\System32\RPCRT4.dll
0x00007ff859090000 - 0x00007ff859224000 	C:\Windows\System32\USER32.dll
0x00007ff8578c0000 - 0x00007ff8578e1000 	C:\Windows\System32\win32u.dll
0x00007ff846b70000 - 0x00007ff846df4000 	C:\Windows\WinSxS\amd64_microsoft.windows.common-controls_6595b64144ccf1df_6.0.18362.1556_none_9e7e372fe45e41d5\COMCTL32.dll
0x00007ff858cb0000 - 0x00007ff858cd6000 	C:\Windows\System32\GDI32.dll
0x00007ff859f10000 - 0x00007ff85a246000 	C:\Windows\System32\combase.dll
0x00007ff857720000 - 0x00007ff8578b8000 	C:\Windows\System32\gdi32full.dll
0x00007ff857b90000 - 0x00007ff857c2e000 	C:\Windows\System32\msvcp_win.dll
0x00007ff857950000 - 0x00007ff8579d1000 	C:\Windows\System32\bcryptPrimitives.dll
0x00007ff855920000 - 0x00007ff85592a000 	C:\Windows\SYSTEM32\VERSION.dll
0x00007ff858e80000 - 0x00007ff858eae000 	C:\Windows\System32\IMM32.DLL
0x00007ff834310000 - 0x00007ff83431c000 	C:\Program Files\Java\jdk-18.0.2.1\bin\vcruntime140_1.dll
0x00007ff82aba0000 - 0x00007ff82ac2d000 	C:\Program Files\Java\jdk-18.0.2.1\bin\msvcp140.dll
0x00007ff823ad0000 - 0x00007ff8246e1000 	C:\Program Files\Java\jdk-18.0.2.1\bin\server\jvm.dll
0x00007ff859ea0000 - 0x00007ff859ea8000 	C:\Windows\System32\PSAPI.DLL
0x00007ff853ff0000 - 0x00007ff854014000 	C:\Windows\SYSTEM32\WINMM.dll
0x00007ff843360000 - 0x00007ff843369000 	C:\Windows\SYSTEM32\WSOCK32.dll
0x00007ff859860000 - 0x00007ff8598cf000 	C:\Windows\System32\WS2_32.dll
0x00007ff853fc0000 - 0x00007ff853fed000 	C:\Windows\SYSTEM32\WINMMBASE.dll
0x00007ff857db0000 - 0x00007ff857dfa000 	C:\Windows\System32\cfgmgr32.dll
0x00007ff8573e0000 - 0x00007ff8573f1000 	C:\Windows\System32\kernel.appcore.dll
0x00007ff82e8f0000 - 0x00007ff82e8fa000 	C:\Program Files\Java\jdk-18.0.2.1\bin\jimage.dll
0x00007ff855b10000 - 0x00007ff855d04000 	C:\Windows\SYSTEM32\DBGHELP.DLL
0x00007ff840e20000 - 0x00007ff840e4a000 	C:\Windows\SYSTEM32\dbgcore.DLL
0x00007ff8374c0000 - 0x00007ff8374ce000 	C:\Program Files\Java\jdk-18.0.2.1\bin\instrument.dll
0x00007ff82ab70000 - 0x00007ff82ab95000 	C:\Program Files\Java\jdk-18.0.2.1\bin\java.dll
0x00007ff82aa90000 - 0x00007ff82ab66000 	C:\Program Files\Java\jdk-18.0.2.1\bin\jsvml.dll
0x00007ff8585b0000 - 0x00007ff858c97000 	C:\Windows\System32\SHELL32.dll
0x00007ff8593f0000 - 0x00007ff859498000 	C:\Windows\System32\shcore.dll
0x00007ff857e30000 - 0x00007ff8585ab000 	C:\Windows\System32\windows.storage.dll
0x00007ff857450000 - 0x00007ff85746e000 	C:\Windows\System32\profapi.dll
0x00007ff857400000 - 0x00007ff85744a000 	C:\Windows\System32\powrprof.dll
0x00007ff8573b0000 - 0x00007ff8573c0000 	C:\Windows\System32\UMPDC.dll
0x00007ff859eb0000 - 0x00007ff859f02000 	C:\Windows\System32\shlwapi.dll
0x00007ff857c30000 - 0x00007ff857c47000 	C:\Windows\System32\cryptsp.dll
0x00007ff82a880000 - 0x00007ff82a898000 	C:\Program Files\Java\jdk-18.0.2.1\bin\zip.dll
0x00007ff82e8d0000 - 0x00007ff82e8e3000 	C:\Program Files\Java\jdk-18.0.2.1\bin\net.dll
0x00007ff848060000 - 0x00007ff84815a000 	C:\Windows\SYSTEM32\WINHTTP.dll
0x00007ff856b90000 - 0x00007ff856bf7000 	C:\Windows\system32\mswsock.dll
0x00007ff82aa70000 - 0x00007ff82aa86000 	C:\Program Files\Java\jdk-18.0.2.1\bin\nio.dll
0x00007ff837400000 - 0x00007ff83741a000 	C:\Program Files\JetBrains\IntelliJ IDEA Community Edition 2022.3.3\bin\breakgen64.dll
0x00007ff82be60000 - 0x00007ff82be70000 	C:\Program Files\Java\jdk-18.0.2.1\bin\verify.dll
0x00007ff8456b0000 - 0x00007ff8456b9000 	C:\Program Files\Java\jdk-18.0.2.1\bin\management.dll
0x00007ff8456a0000 - 0x00007ff8456ab000 	C:\Program Files\Java\jdk-18.0.2.1\bin\management_ext.dll
0x00007ff839530000 - 0x00007ff839546000 	C:\Windows\system32\napinsp.dll
0x00007ff8394d0000 - 0x00007ff8394ea000 	C:\Windows\system32\pnrpnsp.dll
0x00007ff8568e0000 - 0x00007ff8569ab000 	C:\Windows\SYSTEM32\DNSAPI.dll
0x00007ff858ca0000 - 0x00007ff858ca8000 	C:\Windows\System32\NSI.dll
0x00007ff8568a0000 - 0x00007ff8568da000 	C:\Windows\SYSTEM32\IPHLPAPI.DLL
0x00007ff8394c0000 - 0x00007ff8394ce000 	C:\Windows\System32\winrnr.dll
0x00007ff852fa0000 - 0x00007ff852fbc000 	C:\Windows\system32\NLAapi.dll
0x00007ff8394a0000 - 0x00007ff8394b5000 	C:\Windows\system32\wshbth.dll
0x00007ff846aa0000 - 0x00007ff846aaa000 	C:\Windows\System32\rasadhlp.dll
0x00007ff849de0000 - 0x00007ff849e57000 	C:\Windows\System32\fwpuclnt.dll
0x00007ff857e00000 - 0x00007ff857e26000 	C:\Windows\System32\bcrypt.dll
0x00007ff856710000 - 0x00007ff856743000 	C:\Windows\system32\rsaenh.dll
0x00007ff8572d0000 - 0x00007ff8572f5000 	C:\Windows\SYSTEM32\USERENV.dll
0x00007ff856d60000 - 0x00007ff856d6c000 	C:\Windows\SYSTEM32\CRYPTBASE.dll
0x00007ff849ec0000 - 0x00007ff849ed6000 	C:\Windows\SYSTEM32\dhcpcsvc6.DLL
0x00007ff84a540000 - 0x00007ff84a55c000 	C:\Windows\SYSTEM32\dhcpcsvc.DLL
0x00007ff837610000 - 0x00007ff83761e000 	C:\Program Files\Java\jdk-18.0.2.1\bin\sunmscapi.dll
0x00007ff857c50000 - 0x00007ff857da1000 	C:\Windows\System32\CRYPT32.dll
0x00007ff8573c0000 - 0x00007ff8573d2000 	C:\Windows\System32\MSASN1.dll
0x00007ff856e70000 - 0x00007ff856e96000 	C:\Windows\SYSTEM32\ncrypt.dll
0x00007ff856e30000 - 0x00007ff856e6b000 	C:\Windows\SYSTEM32\NTASN1.dll

dbghelp: loaded successfully - version: 4.0.5 - missing functions: none
symbol engine: initialized successfully - sym options: 0x614 - pdb path: .;C:\Program Files\Java\jdk-18.0.2.1\bin;C:\Windows\SYSTEM32;C:\Windows\WinSxS\amd64_microsoft.windows.common-controls_6595b64144ccf1df_6.0.18362.1556_none_9e7e372fe45e41d5;C:\Program Files\Java\jdk-18.0.2.1\bin\server;C:\Program Files\JetBrains\IntelliJ IDEA Community Edition 2022.3.3\bin

VM Arguments:
jvm_args: -javaagent:C:\Program Files\JetBrains\IntelliJ IDEA Community Edition 2022.3.3\lib\idea_rt.jar=49852:C:\Program Files\JetBrains\IntelliJ IDEA Community Edition 2022.3.3\bin -Dfile.encoding=UTF-8 -Dsun.stdout.encoding=UTF-8 -Dsun.stderr.encoding=UTF-8 
java_command: com.example.AppEcommerce.AppEcommerceApplication
java_class_path (initial): F:\Work\AppEcommerce\target\classes;C:\Users\rihab.DESKTOP-BQ1736K\.m2\repository\org\springframework\boot\spring-boot-starter-data-mongodb\2.7.4\spring-boot-starter-data-mongodb-2.7.4.jar;C:\Users\rihab.DESKTOP-BQ1736K\.m2\repository\org\springframework\boot\spring-boot-starter\2.7.4\spring-boot-starter-2.7.4.jar;C:\Users\rihab.DESKTOP-BQ1736K\.m2\repository\org\springframework\boot\spring-boot\2.7.4\spring-boot-2.7.4.jar;C:\Users\rihab.DESKTOP-BQ1736K\.m2\repository\org\springframework\boot\spring-boot-autoconfigure\2.7.4\spring-boot-autoconfigure-2.7.4.jar;C:\Users\rihab.DESKTOP-BQ1736K\.m2\repository\org\springframework\boot\spring-boot-starter-logging\2.7.4\spring-boot-starter-logging-2.7.4.jar;C:\Users\rihab.DESKTOP-BQ1736K\.m2\repository\ch\qos\logback\logback-classic\1.2.11\logback-classic-1.2.11.jar;C:\Users\rihab.DESKTOP-BQ1736K\.m2\repository\ch\qos\logback\logback-core\1.2.11\logback-core-1.2.11.jar;C:\Users\rihab.DESKTOP-BQ1736K\.m2\repository\org\apache\logging\log4j\log4j-to-slf4j\2.17.2\log4j-to-slf4j-2.17.2.jar;C:\Users\rihab.DESKTOP-BQ1736K\.m2\repository\org\apache\logging\log4j\log4j-api\2.17.2\log4j-api-2.17.2.jar;C:\Users\rihab.DESKTOP-BQ1736K\.m2\repository\org\slf4j\jul-to-slf4j\1.7.36\jul-to-slf4j-1.7.36.jar;C:\Users\rihab.DESKTOP-BQ1736K\.m2\repository\jakarta\annotation\jakarta.annotation-api\1.3.5\jakarta.annotation-api-1.3.5.jar;C:\Users\rihab.DESKTOP-BQ1736K\.m2\repository\org\yaml\snakeyaml\1.30\snakeyaml-1.30.jar;C:\Users\rihab.DESKTOP-BQ1736K\.m2\repository\org\mongodb\mongodb-driver-sync\4.6.1\mongodb-driver-sync-4.6.1.jar;C:\Users\rihab.DESKTOP-BQ1736K\.m2\repository\org\mongodb\bson\4.6.1\bson-4.6.1.jar;C:\Users\rihab.DESKTOP-BQ1736K\.m2\repository\org\mongodb\mongodb-driver-core\4.6.1\mongodb-driver-core-4.6.1.jar;C:\Users\rihab.DESKTOP-BQ1736K\.m2\repository\org\mongodb\bson-record-codec\4.6.1\bson-record-codec-4.6.1.jar;C:\Users\rihab.DESKTOP-BQ1736K\.m2\repository\org\springframework\data\spring-data-mongodb\3.4.3\spring-data-mongodb-3.4.3.jar;C:\Users\rihab.DESKTOP-BQ1736K\.m2\repository\org\springframework\spring-tx\5.3.23\spring-tx-5.3.23.jar;C:\Users\rihab.DESKTOP-BQ1736K\.m2\repository\org\springframework\data\spring-data-commons\2.7.3\spring-data-commons-2.7.3.jar;C:\Users\rihab.DESKTOP-BQ1736K\.m2\repository\org\slf4j\slf4j-api\1.7.36\slf4j-api-1.7.36.jar;C:\Users\rihab.DESKTOP-BQ1736K\.m2\repository\org\springframework\boot\spring-boot-starter-security\2.7.4\spring-boot-starter-security-2.7.4.jar;C:\Users\rihab.DESKTOP-BQ1736K\.m2\repository\org\springframework\spring-aop\5.3.23\spring-aop-5.3.23.jar;C:\Users\rihab.DESKTOP-BQ1736K\.m2\repository\org\springframework\security\spring-security-config\5.7.3\spring-security-config-5.7.3.jar;C:\Users\rihab.DESKTOP-BQ1736K\.m2\repository\org\springframework\security\spring-security-web\5.7.3\spring-security-web-5.7.3.jar;C:\Users\rihab.DESKTOP-BQ1736K\.m2\repository\org\springframework\boot\spring-boot-starter-web\2.7.4\spring-boot-starter-web-2.7.4.jar;C:\Users\rihab.DESKTOP-BQ1736K\.m2\repository\org\springframework\boot\spring-boot-starter-json\2.7.4\spring-boot-starter-json-2.7.4.jar;C:\Users\rihab.DESKTOP-BQ1736K\.m2\repository\com\fasterxml\jackson\datatype\jackson-datatype-jdk8\2.13.4\jackson-datatype-jdk8-2.13.4.jar;C:\Users\rihab.DESKTOP-BQ1736K\.m2\repository\com\fasterxml\jackson\datatype\jackson-datatype-jsr310\2.13.4\jackson-datatype-jsr310-2.13.4.jar;C:\Users\rihab.DESKTOP-BQ1736K\.m2\repository\com\fasterxml\jackson\module\jackson-module-parameter-names\2.13.4\jackson-module-parameter-names-2.13.4.jar;C:\Users\rihab.DESKTOP-BQ1736K\.m2\repository\org\springframework\boot\spring-boot-starter-tomcat\2.7.4\spring-boot-starter-tomcat-2.7.4.jar;C:\Users\rihab.DESKTOP-BQ1736K\.m2\repository\org\apache\tomcat\embed\tomcat-embed-core\9.0.65\tomcat-embed-core-9.0.65.jar;C:\Users\rihab.DESKTOP-BQ1736K\.m2\repository\org\apache\tomcat\embed\tomcat-embed-el\9.0.65\tomcat-embed-el-9.0.65.jar;C:\Users\rihab.DESKTOP-BQ1736K\.m2\repository\org\apache\tomcat\embed\tomcat-embed-websocket\9.0.65\tomcat-embed-websocket-9.0.65.jar;C:\Users\rihab.DESKTOP-BQ1736K\.m2\repository\org\springframework\spring-web\5.3.23\spring-web-5.3.23.jar;C:\Users\rihab.DESKTOP-BQ1736K\.m2\repository\org\springframework\spring-webmvc\5.3.23\spring-webmvc-5.3.23.jar;C:\Users\rihab.DESKTOP-BQ1736K\.m2\repository\io\jsonwebtoken\jjwt\0.9.1\jjwt-0.9.1.jar;C:\Users\rihab.DESKTOP-BQ1736K\.m2\repository\com\fasterxml\jackson\core\jackson-databind\2.13.4\jackson-databind-2.13.4.jar;C:\Users\rihab.DESKTOP-BQ1736K\.m2\repository\org\projectlombok\lombok\1.18.24\lombok-1.18.24.jar;C:\Users\rihab.DESKTOP-BQ1736K\.m2\repository\net\minidev\json-smart\2.4.8\json-smart-2.4.8.jar;C:\Users\rihab.DESKTOP-BQ1736K\.m2\repository\net\minidev\accessors-smart\2.4.8\accessors-smart-2.4.8.jar;C:\Users\rihab.DESKTOP-BQ1736K\.m2\repository\org\ow2\asm\asm\9.1\asm-9.1.jar;C:\Users\rihab.DESKTOP-BQ1736K\.m2\repository\org\springframework\spring-core\5.3.23\spring-core-5.3.23.jar;C:\Users\rihab.DESKTOP-BQ1736K\.m2\repository\org\springframework\spring-jcl\5.3.23\spring-jcl-5.3.23.jar;C:\Users\rihab.DESKTOP-BQ1736K\.m2\repository\org\hibernate\validator\hibernate-validator\6.2.5.Final\hibernate-validator-6.2.5.Final.jar;C:\Users\rihab.DESKTOP-BQ1736K\.m2\repository\jakarta\validation\jakarta.validation-api\2.0.2\jakarta.validation-api-2.0.2.jar;C:\Users\rihab.DESKTOP-BQ1736K\.m2\repository\org\jboss\logging\jboss-logging\3.4.3.Final\jboss-logging-3.4.3.Final.jar;C:\Users\rihab.DESKTOP-BQ1736K\.m2\repository\com\fasterxml\classmate\1.5.1\classmate-1.5.1.jar;C:\Users\rihab.DESKTOP-BQ1736K\.m2\repository\jakarta\persistence\jakarta.persistence-api\2.2.3\jakarta.persistence-api-2.2.3.jar;C:\Users\rihab.DESKTOP-BQ1736K\.m2\repository\org\springframework\security\spring-security-core\6.0.2\spring-security-core-6.0.2.jar;C:\Users\rihab.DESKTOP-BQ1736K\.m2\repository\org\springframework\security\spring-security-crypto\5.7.3\spring-security-crypto-5.7.3.jar;C:\Users\rihab.DESKTOP-BQ1736K\.m2\repository\org\springframework\spring-beans\5.3.23\spring-beans-5.3.23.jar;C:\Users\rihab.DESKTOP-BQ1736K\.m2\repository\org\springframework\spring-context\5.3.23\spring-context-5.3.23.jar;C:\Users\rihab.DESKTOP-BQ1736K\.m2\repository\org\springframework\spring-expression\5.3.23\spring-expression-5.3.23.jar;C:\Users\rihab.DESKTOP-BQ1736K\.m2\repository\io\micrometer\micrometer-observation\1.10.4\micrometer-observation-1.10.4.jar;C:\Users\rihab.DESKTOP-BQ1736K\.m2\repository\io\micrometer\micrometer-commons\1.10.4\micrometer-commons-1.10.4.jar;C:\Users\rihab.DESKTOP-BQ1736K\.m2\repository\javax\xml\bind\jaxb-api\2.3.1\jaxb-api-2.3.1.jar;C:\Users\rihab.DESKTOP-BQ1736K\.m2\repository\javax\activation\javax.activation-api\1.2.0\javax.activation-api-1.2.0.jar;C:\Users\rihab.DESKTOP-BQ1736K\.m2\repository\org\springframework\boot\spring-boot-starter-oauth2-client\2.7.4\spring-boot-starter-oauth2-client-2.7.4.jar;C:\Users\rihab.DESKTOP-BQ1736K\.m2\repository\org\springframework\security\spring-security-oauth2-client\5.7.3\spring-security-oauth2-client-5.7.3.jar;C:\Users\rihab.DESKTOP-BQ1736K\.m2\repository\org\springframework\security\spring-security-oauth2-core\5.7.3\spring-security-oauth2-core-5.7.3.jar;C:\Users\rihab.DESKTOP-BQ1736K\.m2\repository\com\nimbusds\oauth2-oidc-sdk\9.35\oauth2-oidc-sdk-9.35.jar;C:\Users\rihab.DESKTOP-BQ1736K\.m2\repository\com\github\stephenc\jcip\jcip-annotations\1.0-1\jcip-annotations-1.0-1.jar;C:\Users\rihab.DESKTOP-BQ1736K\.m2\repository\com\nimbusds\content-type\2.2\content-type-2.2.jar;C:\Users\rihab.DESKTOP-BQ1736K\.m2\repository\com\nimbusds\lang-tag\1.6\lang-tag-1.6.jar;C:\Users\rihab.DESKTOP-BQ1736K\.m2\repository\org\springframework\security\spring-security-oauth2-jose\5.7.3\spring-security-oauth2-jose-5.7.3.jar;C:\Users\rihab.DESKTOP-BQ1736K\.m2\repository\com\nimbusds\nimbus-jose-jwt\9.22\nimbus-jose-jwt-9.22.jar;C:\Users\rihab.DESKTOP-BQ1736K\.m2\repository\com\google\api-client\google-api-client\1.30.5\google-api-client-1.30.5.jar;C:\Users\rihab.DESKTOP-BQ1736K\.m2\repository\com\google\oauth-client\google-oauth-client\1.30.4\google-oauth-client-1.30.4.jar;C:\Users\rihab.DESKTOP-BQ1736K\.m2\repository\com\google\http-client\google-http-client\1.32.1\google-http-client-1.32.1.jar;C:\Users\rihab.DESKTOP-BQ1736K\.m2\repository\org\apache\httpcomponents\httpclient\4.5.13\httpclient-4.5.13.jar;C:\Users\rihab.DESKTOP-BQ1736K\.m2\repository\commons-codec\commons-codec\1.15\commons-codec-1.15.jar;C:\Users\rihab.DESKTOP-BQ1736K\.m2\repository\org\apache\httpcomponents\httpcore\4.4.15\httpcore-4.4.15.jar;C:\Users\rihab.DESKTOP-BQ1736K\.m2\repository\io\opencensus\opencensus-api\0.24.0\opencensus-api-0.24.0.jar;C:\Users\rihab.DESKTOP-BQ1736K\.m2\repository\io\grpc\grpc-context\1.22.1\grpc-context-1.22.1.jar;C:\Users\rihab.DESKTOP-BQ1736K\.m2\repository\io\opencensus\opencensus-contrib-http-util\0.24.0\opencensus-contrib-http-util-0.24.0.jar;C:\Users\rihab.DESKTOP-BQ1736K\.m2\repository\com\google\code\findbugs\jsr305\3.0.2\jsr305-3.0.2.jar;C:\Users\rihab.DESKTOP-BQ1736K\.m2\repository\com\google\http-client\google-http-client-jackson2\1.32.1\google-http-client-jackson2-1.32.1.jar;C:\Users\rihab.DESKTOP-BQ1736K\.m2\repository\com\google\guava\guava\28.0-android\guava-28.0-android.jar;C:\Users\rihab.DESKTOP-BQ1736K\.m2\repository\com\google\guava\failureaccess\1.0.1\failureaccess-1.0.1.jar;C:\Users\rihab.DESKTOP-BQ1736K\.m2\repository\com\google\guava\listenablefuture\9999.0-empty-to-avoid-conflict-with-guava\listenablefuture-9999.0-empty-to-avoid-conflict-with-guava.jar;C:\Users\rihab.DESKTOP-BQ1736K\.m2\repository\org\checkerframework\checker-compat-qual\2.5.5\checker-compat-qual-2.5.5.jar;C:\Users\rihab.DESKTOP-BQ1736K\.m2\repository\com\google\errorprone\error_prone_annotations\2.3.2\error_prone_annotations-2.3.2.jar;C:\Users\rihab.DESKTOP-BQ1736K\.m2\repository\com\google\j2objc\j2objc-annotations\1.3\j2objc-annotations-1.3.jar;C:\Users\rihab.DESKTOP-BQ1736K\.m2\repository\org\codehaus\mojo\animal-sniffer-annotations\1.17\animal-sniffer-annotations-1.17.jar;C:\Users\rihab.DESKTOP-BQ1736K\.m2\repository\org\springframework\social\spring-social-facebook\2.0.3.RELEASE\spring-social-facebook-2.0.3.RELEASE.jar;C:\Users\rihab.DESKTOP-BQ1736K\.m2\repository\com\fasterxml\jackson\core\jackson-core\2.13.4\jackson-core-2.13.4.jar;C:\Users\rihab.DESKTOP-BQ1736K\.m2\repository\org\springframework\social\spring-social-core\1.1.4.RELEASE\spring-social-core-1.1.4.RELEASE.jar;C:\Users\rihab.DESKTOP-BQ1736K\.m2\repository\org\springframework\social\spring-social-config\1.1.4.RELEASE\spring-social-config-1.1.4.RELEASE.jar;C:\Users\rihab.DESKTOP-BQ1736K\.m2\repository\org\springframework\social\spring-social-web\1.1.4.RELEASE\spring-social-web-1.1.4.RELEASE.jar;C:\Users\rihab.DESKTOP-BQ1736K\.m2\repository\javax\inject\javax.inject\1\javax.inject-1.jar;C:\Users\rihab.DESKTOP-BQ1736K\.m2\repository\com\fasterxml\jackson\core\jackson-annotations\2.13.4\jackson-annotations-2.13.4.jar
Launcher Type: SUN_STANDARD

[Global flags]
     intx CICompilerCount                          = 3                                         {product} {ergonomic}
     uint ConcGCThreads                            = 1                                         {product} {ergonomic}
     uint G1ConcRefinementThreads                  = 4                                         {product} {ergonomic}
   size_t G1HeapRegionSize                         = 1048576                                   {product} {ergonomic}
    uintx GCDrainStackTargetSize                   = 64                                        {product} {ergonomic}
   size_t InitialHeapSize                          = 134217728                                 {product} {ergonomic}
   size_t MarkStackSize                            = 4194304                                   {product} {ergonomic}
   size_t MaxHeapSize                              = 2118123520                                {product} {ergonomic}
   size_t MaxNewSize                               = 1270874112                                {product} {ergonomic}
   size_t MinHeapDeltaBytes                        = 1048576                                   {product} {ergonomic}
   size_t MinHeapSize                              = 8388608                                   {product} {ergonomic}
    uintx NonNMethodCodeHeapSize                   = 5832780                                {pd product} {ergonomic}
    uintx NonProfiledCodeHeapSize                  = 122912730                              {pd product} {ergonomic}
    uintx ProfiledCodeHeapSize                     = 122912730                              {pd product} {ergonomic}
    uintx ReservedCodeCacheSize                    = 251658240                              {pd product} {ergonomic}
     bool SegmentedCodeCache                       = true                                      {product} {ergonomic}
   size_t SoftMaxHeapSize                          = 2118123520                             {manageable} {ergonomic}
     bool UseCompressedClassPointers               = true                           {product lp64_product} {ergonomic}
     bool UseCompressedOops                        = true                           {product lp64_product} {ergonomic}
     bool UseG1GC                                  = true                                      {product} {ergonomic}
     bool UseLargePagesIndividualAllocation        = false                                  {pd product} {ergonomic}

Logging:
Log output configuration:
 #0: stdout all=warning uptime,level,tags foldmultilines=false
 #1: stderr all=off uptime,level,tags foldmultilines=false

Environment Variables:
JAVA_HOME=C:\Program Files\Java\jdk-18.0.2.1\bin
PATH=C:\Program Files\Common Files\Oracle\Java\javapath;C:\Windows\system32;C:\Windows;C:\Windows\System32\Wbem;C:\Windows\System32\WindowsPowerShell\v1.0\;C:\Windows\System32\OpenSSH\;C:\Program Files\Java\jre1.8.0_351\bin;C:\Program Files\PuTTY\;C:\xampp\php;C:\Program Files\Git\cmd;C:\Program Files\nodejs\;C:\ProgramData\chocolatey\bin;C:\Program Files\MongoDB\Server\6.0\bin;C:\Users\rihab.DESKTOP-BQ1736K\AppData\Local\Microsoft\WindowsApps;E:\JetBrains\PyCharm Community Edition 2022.3\bin;;D:\Microsoft VS Code\bin;C:\Users\rihab.DESKTOP-BQ1736K\AppData\Roaming\npm;C:\Users\rihab.DESKTOP-BQ1736K\AppData\Local\Android\Sdk\platform-tools;C:\Program Files\MongoDB\Server\6.0\bin;C:\Users\rihab.DESKTOP-BQ1736K\Desktop\mongosh-1.8.0-win32-x64\bin;C:\Program Files\JetBrains\IntelliJ IDEA Community Edition 2022.3.3\bin;;
USERNAME=rihab
OS=Windows_NT
PROCESSOR_IDENTIFIER=Intel64 Family 6 Model 142 Stepping 9, GenuineIntel



---------------  S Y S T E M  ---------------

OS:
 Windows 10 , 64 bit Build 18362 (10.0.18362.1500)
OS uptime: 0 days 9:31 hours

CPU: total 4 (initial active 4) (2 cores per cpu, 2 threads per core) family 6 model 142 stepping 9 microcode 0xde, cx8, cmov, fxsr, ht, mmx, 3dnowpref, sse, sse2, sse3, ssse3, sse4.1, sse4.2, popcnt, lzcnt, tsc, tscinvbit, avx, avx2, aes, erms, clmul, bmi1, bmi2, adx, fma, vzeroupper, clflush, clflushopt

Memory: 4k page, system-wide physical 8072M (929M free)
TotalPageFile size 10072M (AvailPageFile size 9M)
current process WorkingSet (physical memory assigned to process): 129M, peak: 211M
current process commit charge ("private bytes"): 226M, peak: 263M

vm_info: Java HotSpot(TM) 64-Bit Server VM (18.0.2.1+1-1) for windows-amd64 JRE (18.0.2.1+1-1), built on Aug 16 2022 01:46:33 by "mach5one" with MS VC++ 16.8 / 16.9 (VS2019)

END.
