#
# There is insufficient memory for the Java Runtime Environment to continue.
# Native memory allocation (mmap) failed to map 192937984 bytes for G1 virtual space
# Possible reasons:
#   The system is out of physical RAM or swap space
#   The process is running with CompressedOops enabled, and the Java Heap may be blocking the growth of the native heap
# Possible solutions:
#   Reduce memory load on the system
#   Increase physical memory or swap space
#   Check if swap backing store is full
#   Decrease Java heap size (-Xmx/-Xms)
#   Decrease number of Java threads
#   Decrease Java thread stack sizes (-Xss)
#   Set larger code cache with -XX:ReservedCodeCacheSize=
#   JVM is running with Unscaled Compressed Oops mode in which the Java heap is
#     placed in the first 4GB address space. The Java Heap base address is the
#     maximum limit for the native heap growth. Please use -XX:HeapBaseMinAddress
#     to set the Java Heap base and to place the Java Heap above 4GB virtual address.
# This output file may be truncated or incomplete.
#
#  Out of Memory Error (os_windows.cpp:3530), pid=3036, tid=10172
#
# JRE version: Java(TM) SE Runtime Environment (18.0.2.1+1) (build 18.0.2.1+1-1)
# Java VM: Java HotSpot(TM) 64-Bit Server VM (18.0.2.1+1-1, mixed mode, sharing, tiered, compressed oops, compressed class ptrs, g1 gc, windows-amd64)
# No core dump will be written. Minidumps are not enabled by default on client versions of Windows
#

---------------  S U M M A R Y ------------

Command Line: -javaagent:C:\Program Files\JetBrains\IntelliJ IDEA Community Edition 2022.3.3\lib\idea_rt.jar=50644:C:\Program Files\JetBrains\IntelliJ IDEA Community Edition 2022.3.3\bin -Dfile.encoding=UTF-8 -Dsun.stdout.encoding=UTF-8 -Dsun.stderr.encoding=UTF-8 com.example.AppEcommerce.AppEcommerceApplication

Host: Intel(R) Core(TM) i7-7500U CPU @ 2.70GHz, 4 cores, 7G,  Windows 10 , 64 bit Build 18362 (10.0.18362.1500)
Time: Sat May  6 08:07:03 2023 W. Central Africa Standard Time elapsed time: 126860.103502 seconds (1d 11h 14m 20s)

---------------  T H R E A D  ---------------

Current thread (0x0000025cbee3e5c0):  VMThread "VM Thread" [stack: 0x000000ad41d00000,0x000000ad41e00000] [id=10172]

Stack: [0x000000ad41d00000,0x000000ad41e00000]
Native frames: (J=compiled Java code, j=interpreted, Vv=VM code, C=native code)
V  [jvm.dll+0x6993aa]
V  [jvm.dll+0x7f46dd]
V  [jvm.dll+0x7f5fee]
V  [jvm.dll+0x7f66a3]
V  [jvm.dll+0x25cf1f]
V  [jvm.dll+0x6962f9]
V  [jvm.dll+0x68ae2a]
V  [jvm.dll+0x32255b]
V  [jvm.dll+0x329f36]
V  [jvm.dll+0x37eade]
V  [jvm.dll+0x37ed0f]
V  [jvm.dll+0x2fa2da]
V  [jvm.dll+0x2fa387]
V  [jvm.dll+0x33e8c2]
V  [jvm.dll+0x33ce64]
V  [jvm.dll+0x2f9ab0]
V  [jvm.dll+0x33c75d]
V  [jvm.dll+0x7fb48b]
V  [jvm.dll+0x7fc224]
V  [jvm.dll+0x7fc75c]
V  [jvm.dll+0x7fcbb4]
V  [jvm.dll+0x7fcc77]
V  [jvm.dll+0x7a120a]
V  [jvm.dll+0x698255]
C  [ucrtbase.dll+0x210b2]
C  [KERNEL32.DLL+0x17c24]
C  [ntdll.dll+0x6d721]

VM_Operation (0x000000ad43af8b10): G1TryInitiateConcMark, mode: safepoint, requested by thread 0x0000025cc4b8cd50


---------------  P R O C E S S  ---------------

Threads class SMR info:
_java_thread_list=0x0000025cc48bf370, length=32, elements={
0x0000025cbee414d0, 0x0000025cbee42040, 0x0000025cbee5c990, 0x0000025cbee5d240,
0x0000025cbee5daf0, 0x0000025cbee5e3a0, 0x0000025cbee5ef80, 0x0000025cbee60880,
0x0000025cbee68690, 0x0000025cbee2e0e0, 0x0000025cc32a1950, 0x0000025cc335f5b0,
0x0000025cc5a9ba20, 0x0000025cc5709bd0, 0x0000025cc4bca550, 0x0000025cc5a0c090,
0x0000025cc4b8e560, 0x0000025cc4b8d6f0, 0x0000025cc4b8dbc0, 0x0000025cc4b8ea30,
0x0000025cc4b8b070, 0x0000025cc4b8cd50, 0x0000025cc4b8bee0, 0x0000025cc4b8d220,
0x0000025cc4b8e090, 0x0000025cc4b8b540, 0x0000025cc4b8ba10, 0x0000025cc4b8c3b0,
0x0000025cc4b8c880, 0x0000025cc6c2c540, 0x0000025cc6c303d0, 0x0000025cc6c2d880
}

Java Threads: ( => current thread )
  0x0000025cbee414d0 JavaThread "Reference Handler" daemon [_thread_blocked, id=9668, stack(0x000000ad41e00000,0x000000ad41f00000)]
  0x0000025cbee42040 JavaThread "Finalizer" daemon [_thread_blocked, id=5536, stack(0x000000ad41f00000,0x000000ad42000000)]
  0x0000025cbee5c990 JavaThread "Signal Dispatcher" daemon [_thread_blocked, id=6092, stack(0x000000ad42000000,0x000000ad42100000)]
  0x0000025cbee5d240 JavaThread "Attach Listener" daemon [_thread_blocked, id=8800, stack(0x000000ad42100000,0x000000ad42200000)]
  0x0000025cbee5daf0 JavaThread "Service Thread" daemon [_thread_blocked, id=9568, stack(0x000000ad42200000,0x000000ad42300000)]
  0x0000025cbee5e3a0 JavaThread "Monitor Deflation Thread" daemon [_thread_blocked, id=7888, stack(0x000000ad42300000,0x000000ad42400000)]
  0x0000025cbee5ef80 JavaThread "C2 CompilerThread0" daemon [_thread_blocked, id=9888, stack(0x000000ad42400000,0x000000ad42500000)]
  0x0000025cbee60880 JavaThread "C1 CompilerThread0" daemon [_thread_blocked, id=4580, stack(0x000000ad42500000,0x000000ad42600000)]
  0x0000025cbee68690 JavaThread "Sweeper thread" daemon [_thread_blocked, id=8280, stack(0x000000ad42600000,0x000000ad42700000)]
  0x0000025cbee2e0e0 JavaThread "Common-Cleaner" daemon [_thread_blocked, id=8008, stack(0x000000ad42700000,0x000000ad42800000)]
  0x0000025cc32a1950 JavaThread "Monitor Ctrl-Break" daemon [_thread_in_native, id=6852, stack(0x000000ad42900000,0x000000ad42a00000)]
  0x0000025cc335f5b0 JavaThread "Notification Thread" daemon [_thread_blocked, id=8488, stack(0x000000ad42a00000,0x000000ad42b00000)]
  0x0000025cc5a9ba20 JavaThread "BufferPoolPruner-1-thread-1" daemon [_thread_blocked, id=7448, stack(0x000000ad43000000,0x000000ad43100000)]
  0x0000025cc5709bd0 JavaThread "cluster-ClusterId{value='64540d3487a2941e5a8ffcf9', description='null'}-localhost:27017" daemon [_thread_in_native, id=8108, stack(0x000000ad43100000,0x000000ad43200000)]
  0x0000025cc4bca550 JavaThread "cluster-rtt-ClusterId{value='64540d3487a2941e5a8ffcf9', description='null'}-localhost:27017" daemon [_thread_blocked, id=10088, stack(0x000000ad43200000,0x000000ad43300000)]
  0x0000025cc5a0c090 JavaThread "MaintenanceTimer-2-thread-1" daemon [_thread_blocked, id=6396, stack(0x000000ad43400000,0x000000ad43500000)]
  0x0000025cc4b8e560 JavaThread "Catalina-utility-1" [_thread_blocked, id=6284, stack(0x000000ad43500000,0x000000ad43600000)]
  0x0000025cc4b8d6f0 JavaThread "Catalina-utility-2" [_thread_blocked, id=6892, stack(0x000000ad43600000,0x000000ad43700000)]
  0x0000025cc4b8dbc0 JavaThread "container-0" [_thread_blocked, id=9624, stack(0x000000ad43700000,0x000000ad43800000)]
  0x0000025cc4b8ea30 JavaThread "http-nio-8085-exec-1" daemon [_thread_blocked, id=6256, stack(0x000000ad43800000,0x000000ad43900000)]
  0x0000025cc4b8b070 JavaThread "http-nio-8085-exec-2" daemon [_thread_blocked, id=9880, stack(0x000000ad43900000,0x000000ad43a00000)]
  0x0000025cc4b8cd50 JavaThread "http-nio-8085-exec-3" daemon [_thread_blocked, id=8052, stack(0x000000ad43a00000,0x000000ad43b00000)]
  0x0000025cc4b8bee0 JavaThread "http-nio-8085-exec-4" daemon [_thread_blocked, id=10236, stack(0x000000ad43b00000,0x000000ad43c00000)]
  0x0000025cc4b8d220 JavaThread "http-nio-8085-exec-5" daemon [_thread_blocked, id=6632, stack(0x000000ad43c00000,0x000000ad43d00000)]
  0x0000025cc4b8e090 JavaThread "http-nio-8085-exec-6" daemon [_thread_blocked, id=7552, stack(0x000000ad43d00000,0x000000ad43e00000)]
  0x0000025cc4b8b540 JavaThread "http-nio-8085-exec-7" daemon [_thread_blocked, id=9516, stack(0x000000ad43e00000,0x000000ad43f00000)]
  0x0000025cc4b8ba10 JavaThread "http-nio-8085-exec-8" daemon [_thread_blocked, id=1644, stack(0x000000ad43f00000,0x000000ad44000000)]
  0x0000025cc4b8c3b0 JavaThread "http-nio-8085-exec-9" daemon [_thread_blocked, id=10216, stack(0x000000ad44000000,0x000000ad44100000)]
  0x0000025cc4b8c880 JavaThread "http-nio-8085-exec-10" daemon [_thread_blocked, id=5452, stack(0x000000ad44100000,0x000000ad44200000)]
  0x0000025cc6c2c540 JavaThread "http-nio-8085-Poller" daemon [_thread_blocked, id=4184, stack(0x000000ad44200000,0x000000ad44300000)]
  0x0000025cc6c303d0 JavaThread "http-nio-8085-Acceptor" daemon [_thread_blocked, id=2200, stack(0x000000ad44300000,0x000000ad44400000)]
  0x0000025cc6c2d880 JavaThread "DestroyJavaVM" [_thread_blocked, id=9548, stack(0x000000ad41700000,0x000000ad41800000)]

Other Threads:
=>0x0000025cbee3e5c0 VMThread "VM Thread" [stack: 0x000000ad41d00000,0x000000ad41e00000] [id=10172]
  0x0000025cc33616d0 WatcherThread "VM Periodic Task Thread" [stack: 0x000000ad42b00000,0x000000ad42c00000] [id=9412]
  0x0000025ca15e6160 WorkerThread "GC Thread#0" [stack: 0x000000ad41800000,0x000000ad41900000] [id=7980]
  0x0000025cc3aa80c0 WorkerThread "GC Thread#1" [stack: 0x000000ad42c00000,0x000000ad42d00000] [id=10144]
  0x0000025cc3aa8360 WorkerThread "GC Thread#2" [stack: 0x000000ad42d00000,0x000000ad42e00000] [id=9836]
  0x0000025cc36d8500 WorkerThread "GC Thread#3" [stack: 0x000000ad42e00000,0x000000ad42f00000] [id=7860]
  0x0000025ca15f7c30 ConcurrentGCThread "G1 Main Marker" [stack: 0x000000ad41900000,0x000000ad41a00000] [id=10116]
  0x0000025ca15f8cd0 WorkerThread "G1 Conc#0" [stack: 0x000000ad41a00000,0x000000ad41b00000] [id=7712]
  0x0000025ca162d880 ConcurrentGCThread "G1 Refine#0" [stack: 0x000000ad41b00000,0x000000ad41c00000] [id=768]
  0x0000025cc3965d30 ConcurrentGCThread "G1 Refine#1" [stack: 0x000000ad42f00000,0x000000ad43000000] [id=4752]
  0x0000025ca162e0a0 ConcurrentGCThread "G1 Service" [stack: 0x000000ad41c00000,0x000000ad41d00000] [id=9652]

Threads with active compile tasks:
C1 CompilerThread0  126860292 9502       3       org.springframework.web.servlet.mvc.method.annotation.RequestMappingHandlerAdapter::getSessionAttributesHandler (23 bytes)

VM state: at safepoint (normal execution)

VM Mutex/Monitor currently owned by a thread:  ([mutex/lock_event])
[0x0000025ca157fe30] Threads_lock - owner thread: 0x0000025cbee3e5c0
[0x0000025ca1581030] Heap_lock - owner thread: 0x0000025cc4b8cd50

Heap address: 0x0000000081c00000, size: 2020 MB, Compressed Oops mode: 32-bit

CDS archive(s) mapped at: [0x0000000800000000-0x0000000800ba0000-0x0000000800ba0000), size 12189696, SharedBaseAddress: 0x0000000800000000, ArchiveRelocationMode: 0.
Compressed class space mapped at: 0x0000000800c00000-0x0000000840c00000, reserved size: 1073741824
Narrow klass base: 0x0000000800000000, Narrow klass shift: 0, Narrow klass range: 0x100000000

GC Precious Log:
 CardTable entry size: 512
 Card Set container configuration: InlinePtr #cards 5 size 8 Array Of Cards #cards 12 size 40 Howl #buckets 4 coarsen threshold 1843 Howl Bitmap #cards 512 size 80 coarsen threshold 460 Card regions per heap region 1 cards per card region 2048
 CPUs: 4 total, 4 available
 Memory: 8072M
 Large Page Support: Disabled
 NUMA Support: Disabled
 Compressed Oops: Enabled (32-bit)
 Heap Region Size: 1M
 Heap Min Capacity: 8M
 Heap Initial Capacity: 128M
 Heap Max Capacity: 2020M
 Pre-touch: Disabled
 Parallel Workers: 4
 Concurrent Workers: 1
 Concurrent Refinement Workers: 4
 Periodic GC: Disabled

Heap:
 garbage-first heap   total 131072K, used 31571K [0x0000000081c00000, 0x0000000100000000)
  region size 1024K, 1 young (1024K), 1 survivors (1024K)
 Metaspace       used 50625K, committed 51072K, reserved 1114112K
  class space    used 6351K, committed 6592K, reserved 1048576K

Heap Regions: E=young(eden), S=young(survivor), O=old, HS=humongous(starts), HC=humongous(continues), CS=collection set, F=free, OA=open archive, CA=closed archive, TAMS=top-at-mark-start (previous, next)
|   0|0x0000000081c00000, 0x0000000081d00000, 0x0000000081d00000|100%| O|  |TAMS 0x0000000081d00000, 0x0000000081d00000| Untracked 
|   1|0x0000000081d00000, 0x0000000081e00000, 0x0000000081e00000|100%| O|  |TAMS 0x0000000081e00000, 0x0000000081e00000| Untracked 
|   2|0x0000000081e00000, 0x0000000081f00000, 0x0000000081f00000|100%| O|  |TAMS 0x0000000081f00000, 0x0000000081f00000| Untracked 
|   3|0x0000000081f00000, 0x0000000082000000, 0x0000000082000000|100%| O|  |TAMS 0x0000000082000000, 0x0000000082000000| Untracked 
|   4|0x0000000082000000, 0x0000000082100000, 0x0000000082100000|100%| O|  |TAMS 0x0000000082100000, 0x0000000082100000| Untracked 
|   5|0x0000000082100000, 0x0000000082200000, 0x0000000082200000|100%| O|  |TAMS 0x0000000082100000, 0x0000000082200000| Untracked 
|   6|0x0000000082200000, 0x0000000082300000, 0x0000000082300000|100%| O|  |TAMS 0x0000000082300000, 0x0000000082300000| Untracked 
|   7|0x0000000082300000, 0x0000000082400000, 0x0000000082400000|100%| O|  |TAMS 0x0000000082400000, 0x0000000082400000| Untracked 
|   8|0x0000000082400000, 0x0000000082500000, 0x0000000082500000|100%| O|  |TAMS 0x0000000082500000, 0x0000000082500000| Untracked 
|   9|0x0000000082500000, 0x0000000082600000, 0x0000000082600000|100%| O|  |TAMS 0x0000000082600000, 0x0000000082600000| Untracked 
|  10|0x0000000082600000, 0x0000000082700000, 0x0000000082700000|100%| O|  |TAMS 0x0000000082700000, 0x0000000082700000| Untracked 
|  11|0x0000000082700000, 0x0000000082800000, 0x0000000082800000|100%| O|  |TAMS 0x0000000082800000, 0x0000000082800000| Untracked 
|  12|0x0000000082800000, 0x0000000082900000, 0x0000000082900000|100%| O|  |TAMS 0x0000000082900000, 0x0000000082900000| Untracked 
|  13|0x0000000082900000, 0x0000000082a00000, 0x0000000082a00000|100%| O|  |TAMS 0x0000000082a00000, 0x0000000082a00000| Untracked 
|  14|0x0000000082a00000, 0x0000000082b00000, 0x0000000082b00000|100%| O|  |TAMS 0x0000000082b00000, 0x0000000082b00000| Untracked 
|  15|0x0000000082b00000, 0x0000000082c00000, 0x0000000082c00000|100%| O|  |TAMS 0x0000000082c00000, 0x0000000082c00000| Untracked 
|  16|0x0000000082c00000, 0x0000000082d00000, 0x0000000082d00000|100%| O|  |TAMS 0x0000000082d00000, 0x0000000082d00000| Untracked 
|  17|0x0000000082d00000, 0x0000000082e00000, 0x0000000082e00000|100%| O|  |TAMS 0x0000000082e00000, 0x0000000082e00000| Untracked 
|  18|0x0000000082e00000, 0x0000000082f00000, 0x0000000082f00000|100%| O|  |TAMS 0x0000000082f00000, 0x0000000082f00000| Untracked 
|  19|0x0000000082f00000, 0x0000000083000000, 0x0000000083000000|100%| O|  |TAMS 0x0000000083000000, 0x0000000083000000| Untracked 
|  20|0x0000000083000000, 0x0000000083100000, 0x0000000083100000|100%| O|  |TAMS 0x0000000083100000, 0x0000000083100000| Untracked 
|  21|0x0000000083100000, 0x0000000083100000, 0x0000000083200000|  0%| F|  |TAMS 0x0000000083100000, 0x0000000083100000| Untracked 
|  22|0x0000000083200000, 0x0000000083200000, 0x0000000083300000|  0%| F|  |TAMS 0x0000000083200000, 0x0000000083200000| Untracked 
|  23|0x0000000083300000, 0x0000000083300000, 0x0000000083400000|  0%| F|  |TAMS 0x0000000083300000, 0x0000000083300000| Untracked 
|  24|0x0000000083400000, 0x0000000083500000, 0x0000000083500000|100%| O|  |TAMS 0x000000008349fc00, 0x0000000083500000| Untracked 
|  25|0x0000000083500000, 0x0000000083600000, 0x0000000083600000|100%| O|  |TAMS 0x0000000083600000, 0x0000000083600000| Untracked 
|  26|0x0000000083600000, 0x0000000083700000, 0x0000000083700000|100%| O|  |TAMS 0x0000000083700000, 0x0000000083700000| Untracked 
|  27|0x0000000083700000, 0x0000000083800000, 0x0000000083800000|100%|HS|  |TAMS 0x0000000083700000, 0x0000000083800000| Complete 
|  28|0x0000000083800000, 0x0000000083900000, 0x0000000083900000|100%|HC|  |TAMS 0x0000000083800000, 0x0000000083900000| Complete 
|  29|0x0000000083900000, 0x0000000083900000, 0x0000000083a00000|  0%| F|  |TAMS 0x0000000083900000, 0x0000000083900000| Untracked 
|  30|0x0000000083a00000, 0x0000000083a13c00, 0x0000000083b00000|  7%| O|  |TAMS 0x0000000083a00000, 0x0000000083a13c00| Untracked 
|  31|0x0000000083b00000, 0x0000000083b00000, 0x0000000083c00000|  0%| F|  |TAMS 0x0000000083b00000, 0x0000000083b00000| Untracked 
|  32|0x0000000083c00000, 0x0000000083c00000, 0x0000000083d00000|  0%| F|  |TAMS 0x0000000083c00000, 0x0000000083c00000| Untracked 
|  33|0x0000000083d00000, 0x0000000083e00000, 0x0000000083e00000|100%|HS|  |TAMS 0x0000000083d00000, 0x0000000083e00000| Complete 
|  34|0x0000000083e00000, 0x0000000083f00000, 0x0000000083f00000|100%|HC|  |TAMS 0x0000000083e00000, 0x0000000083f00000| Complete 
|  35|0x0000000083f00000, 0x0000000084000000, 0x0000000084000000|100%|HC|  |TAMS 0x0000000083f00000, 0x0000000084000000| Complete 
|  36|0x0000000084000000, 0x0000000084000000, 0x0000000084100000|  0%| F|  |TAMS 0x0000000084000000, 0x0000000084000000| Untracked 
|  37|0x0000000084100000, 0x0000000084100000, 0x0000000084200000|  0%| F|  |TAMS 0x0000000084100000, 0x0000000084100000| Untracked 
|  38|0x0000000084200000, 0x0000000084200000, 0x0000000084300000|  0%| F|  |TAMS 0x0000000084200000, 0x0000000084200000| Untracked 
|  39|0x0000000084300000, 0x0000000084300000, 0x0000000084400000|  0%| F|  |TAMS 0x0000000084300000, 0x0000000084300000| Untracked 
|  40|0x0000000084400000, 0x0000000084400000, 0x0000000084500000|  0%| F|  |TAMS 0x0000000084400000, 0x0000000084400000| Untracked 
|  41|0x0000000084500000, 0x0000000084500000, 0x0000000084600000|  0%| F|  |TAMS 0x0000000084500000, 0x0000000084500000| Untracked 
|  42|0x0000000084600000, 0x0000000084600000, 0x0000000084700000|  0%| F|  |TAMS 0x0000000084600000, 0x0000000084600000| Untracked 
|  43|0x0000000084700000, 0x0000000084700000, 0x0000000084800000|  0%| F|  |TAMS 0x0000000084700000, 0x0000000084700000| Untracked 
|  44|0x0000000084800000, 0x0000000084800000, 0x0000000084900000|  0%| F|  |TAMS 0x0000000084800000, 0x0000000084800000| Untracked 
|  45|0x0000000084900000, 0x0000000084900000, 0x0000000084a00000|  0%| F|  |TAMS 0x0000000084900000, 0x0000000084900000| Untracked 
|  46|0x0000000084a00000, 0x0000000084a00000, 0x0000000084b00000|  0%| F|  |TAMS 0x0000000084a00000, 0x0000000084a00000| Untracked 
|  47|0x0000000084b00000, 0x0000000084b00000, 0x0000000084c00000|  0%| F|  |TAMS 0x0000000084b00000, 0x0000000084b00000| Untracked 
|  48|0x0000000084c00000, 0x0000000084c00000, 0x0000000084d00000|  0%| F|  |TAMS 0x0000000084c00000, 0x0000000084c00000| Untracked 
|  49|0x0000000084d00000, 0x0000000084d00000, 0x0000000084e00000|  0%| F|  |TAMS 0x0000000084d00000, 0x0000000084d00000| Untracked 
|  50|0x0000000084e00000, 0x0000000084f00000, 0x0000000084f00000|100%| O|  |TAMS 0x0000000084f00000, 0x0000000084f00000| Untracked 
|  51|0x0000000084f00000, 0x0000000084f00000, 0x0000000085000000|  0%| F|  |TAMS 0x0000000084f00000, 0x0000000084f00000| Untracked 
|  52|0x0000000085000000, 0x0000000085000000, 0x0000000085100000|  0%| F|  |TAMS 0x0000000085000000, 0x0000000085000000| Untracked 
|  53|0x0000000085100000, 0x0000000085100000, 0x0000000085200000|  0%| F|  |TAMS 0x0000000085100000, 0x0000000085100000| Untracked 
|  54|0x0000000085200000, 0x0000000085200000, 0x0000000085300000|  0%| F|  |TAMS 0x0000000085200000, 0x0000000085200000| Untracked 
|  55|0x0000000085300000, 0x0000000085300000, 0x0000000085400000|  0%| F|  |TAMS 0x0000000085300000, 0x0000000085300000| Untracked 
|  56|0x0000000085400000, 0x0000000085400000, 0x0000000085500000|  0%| F|  |TAMS 0x0000000085400000, 0x0000000085400000| Untracked 
|  57|0x0000000085500000, 0x0000000085500000, 0x0000000085600000|  0%| F|  |TAMS 0x0000000085500000, 0x0000000085500000| Untracked 
|  58|0x0000000085600000, 0x0000000085600000, 0x0000000085700000|  0%| F|  |TAMS 0x0000000085600000, 0x0000000085600000| Untracked 
|  59|0x0000000085700000, 0x0000000085700000, 0x0000000085800000|  0%| F|  |TAMS 0x0000000085700000, 0x0000000085700000| Untracked 
|  60|0x0000000085800000, 0x0000000085800000, 0x0000000085900000|  0%| F|  |TAMS 0x0000000085800000, 0x0000000085800000| Untracked 
|  61|0x0000000085900000, 0x0000000085900000, 0x0000000085a00000|  0%| F|  |TAMS 0x0000000085900000, 0x0000000085900000| Untracked 
|  62|0x0000000085a00000, 0x0000000085a00000, 0x0000000085b00000|  0%| F|  |TAMS 0x0000000085a00000, 0x0000000085a00000| Untracked 
|  63|0x0000000085b00000, 0x0000000085b00000, 0x0000000085c00000|  0%| F|  |TAMS 0x0000000085b00000, 0x0000000085b00000| Untracked 
|  64|0x0000000085c00000, 0x0000000085c00000, 0x0000000085d00000|  0%| F|  |TAMS 0x0000000085c00000, 0x0000000085c00000| Untracked 
|  65|0x0000000085d00000, 0x0000000085d00000, 0x0000000085e00000|  0%| F|  |TAMS 0x0000000085d00000, 0x0000000085d00000| Untracked 
|  66|0x0000000085e00000, 0x0000000085e00000, 0x0000000085f00000|  0%| F|  |TAMS 0x0000000085e00000, 0x0000000085e00000| Untracked 
|  67|0x0000000085f00000, 0x0000000085f00000, 0x0000000086000000|  0%| F|  |TAMS 0x0000000085f00000, 0x0000000085f00000| Untracked 
|  68|0x0000000086000000, 0x0000000086000000, 0x0000000086100000|  0%| F|  |TAMS 0x0000000086000000, 0x0000000086000000| Untracked 
|  69|0x0000000086100000, 0x0000000086100000, 0x0000000086200000|  0%| F|  |TAMS 0x0000000086100000, 0x0000000086100000| Untracked 
|  70|0x0000000086200000, 0x0000000086200000, 0x0000000086300000|  0%| F|  |TAMS 0x0000000086200000, 0x0000000086200000| Untracked 
|  71|0x0000000086300000, 0x0000000086300000, 0x0000000086400000|  0%| F|  |TAMS 0x0000000086300000, 0x0000000086300000| Untracked 
|  72|0x0000000086400000, 0x0000000086400000, 0x0000000086500000|  0%| F|  |TAMS 0x0000000086400000, 0x0000000086400000| Untracked 
|  73|0x0000000086500000, 0x0000000086500000, 0x0000000086600000|  0%| F|  |TAMS 0x0000000086500000, 0x0000000086500000| Untracked 
|  74|0x0000000086600000, 0x0000000086600000, 0x0000000086700000|  0%| F|  |TAMS 0x0000000086600000, 0x0000000086600000| Untracked 
|  75|0x0000000086700000, 0x0000000086700000, 0x0000000086800000|  0%| F|  |TAMS 0x0000000086700000, 0x0000000086700000| Untracked 
|  76|0x0000000086800000, 0x0000000086800000, 0x0000000086900000|  0%| F|  |TAMS 0x0000000086800000, 0x0000000086800000| Untracked 
|  77|0x0000000086900000, 0x0000000086900000, 0x0000000086a00000|  0%| F|  |TAMS 0x0000000086900000, 0x0000000086900000| Untracked 
|  78|0x0000000086a00000, 0x0000000086a00000, 0x0000000086b00000|  0%| F|  |TAMS 0x0000000086a00000, 0x0000000086a00000| Untracked 
|  79|0x0000000086b00000, 0x0000000086b00000, 0x0000000086c00000|  0%| F|  |TAMS 0x0000000086b00000, 0x0000000086b00000| Untracked 
|  80|0x0000000086c00000, 0x0000000086c00000, 0x0000000086d00000|  0%| F|  |TAMS 0x0000000086c00000, 0x0000000086c00000| Untracked 
|  81|0x0000000086d00000, 0x0000000086d00000, 0x0000000086e00000|  0%| F|  |TAMS 0x0000000086d00000, 0x0000000086d00000| Untracked 
|  82|0x0000000086e00000, 0x0000000086e00000, 0x0000000086f00000|  0%| F|  |TAMS 0x0000000086e00000, 0x0000000086e00000| Untracked 
|  83|0x0000000086f00000, 0x0000000086f00000, 0x0000000087000000|  0%| F|  |TAMS 0x0000000086f00000, 0x0000000086f00000| Untracked 
|  84|0x0000000087000000, 0x0000000087000000, 0x0000000087100000|  0%| F|  |TAMS 0x0000000087000000, 0x0000000087000000| Untracked 
|  85|0x0000000087100000, 0x0000000087100000, 0x0000000087200000|  0%| F|  |TAMS 0x0000000087100000, 0x0000000087100000| Untracked 
|  86|0x0000000087200000, 0x0000000087200000, 0x0000000087300000|  0%| F|  |TAMS 0x0000000087200000, 0x0000000087200000| Untracked 
|  87|0x0000000087300000, 0x0000000087300000, 0x0000000087400000|  0%| F|  |TAMS 0x0000000087300000, 0x0000000087300000| Untracked 
|  88|0x0000000087400000, 0x0000000087400000, 0x0000000087500000|  0%| F|  |TAMS 0x0000000087400000, 0x0000000087400000| Untracked 
|  89|0x0000000087500000, 0x0000000087500000, 0x0000000087600000|  0%| F|  |TAMS 0x0000000087500000, 0x0000000087500000| Untracked 
|  90|0x0000000087600000, 0x0000000087600000, 0x0000000087700000|  0%| F|  |TAMS 0x0000000087600000, 0x0000000087600000| Untracked 
|  91|0x0000000087700000, 0x0000000087700000, 0x0000000087800000|  0%| F|  |TAMS 0x0000000087700000, 0x0000000087700000| Untracked 
|  92|0x0000000087800000, 0x0000000087800000, 0x0000000087900000|  0%| F|  |TAMS 0x0000000087800000, 0x0000000087800000| Untracked 
|  93|0x0000000087900000, 0x00000000879c12e8, 0x0000000087a00000| 75%| S|CS|TAMS 0x0000000087900000, 0x0000000087900000| Complete 
|  94|0x0000000087a00000, 0x0000000087a00000, 0x0000000087b00000|  0%| F|  |TAMS 0x0000000087a00000, 0x0000000087a00000| Untracked 
|  95|0x0000000087b00000, 0x0000000087b00000, 0x0000000087c00000|  0%| F|  |TAMS 0x0000000087b00000, 0x0000000087b00000| Untracked 
|  96|0x0000000087c00000, 0x0000000087c00000, 0x0000000087d00000|  0%| F|  |TAMS 0x0000000087c00000, 0x0000000087c00000| Untracked 
|  97|0x0000000087d00000, 0x0000000087d00000, 0x0000000087e00000|  0%| F|  |TAMS 0x0000000087d00000, 0x0000000087d00000| Untracked 
|  98|0x0000000087e00000, 0x0000000087e00000, 0x0000000087f00000|  0%| F|  |TAMS 0x0000000087e00000, 0x0000000087e00000| Untracked 
|  99|0x0000000087f00000, 0x0000000087f00000, 0x0000000088000000|  0%| F|  |TAMS 0x0000000087f00000, 0x0000000087f00000| Untracked 
| 100|0x0000000088000000, 0x0000000088000000, 0x0000000088100000|  0%| F|  |TAMS 0x0000000088000000, 0x0000000088000000| Untracked 
| 101|0x0000000088100000, 0x0000000088100000, 0x0000000088200000|  0%| F|  |TAMS 0x0000000088100000, 0x0000000088100000| Untracked 
| 102|0x0000000088200000, 0x0000000088200000, 0x0000000088300000|  0%| F|  |TAMS 0x0000000088200000, 0x0000000088200000| Untracked 
| 103|0x0000000088300000, 0x0000000088300000, 0x0000000088400000|  0%| F|  |TAMS 0x0000000088300000, 0x0000000088300000| Untracked 
| 104|0x0000000088400000, 0x0000000088400000, 0x0000000088500000|  0%| F|  |TAMS 0x0000000088400000, 0x0000000088400000| Untracked 
| 105|0x0000000088500000, 0x0000000088500000, 0x0000000088600000|  0%| F|  |TAMS 0x0000000088500000, 0x0000000088500000| Untracked 
| 106|0x0000000088600000, 0x0000000088600000, 0x0000000088700000|  0%| F|  |TAMS 0x0000000088600000, 0x0000000088600000| Untracked 
| 107|0x0000000088700000, 0x0000000088700000, 0x0000000088800000|  0%| F|  |TAMS 0x0000000088700000, 0x0000000088700000| Untracked 
| 108|0x0000000088800000, 0x0000000088800000, 0x0000000088900000|  0%| F|  |TAMS 0x0000000088800000, 0x0000000088800000| Untracked 
| 109|0x0000000088900000, 0x0000000088900000, 0x0000000088a00000|  0%| F|  |TAMS 0x0000000088900000, 0x0000000088900000| Untracked 
| 110|0x0000000088a00000, 0x0000000088a00000, 0x0000000088b00000|  0%| F|  |TAMS 0x0000000088a00000, 0x0000000088a00000| Untracked 
| 111|0x0000000088b00000, 0x0000000088b00000, 0x0000000088c00000|  0%| F|  |TAMS 0x0000000088b00000, 0x0000000088b00000| Untracked 
| 112|0x0000000088c00000, 0x0000000088c00000, 0x0000000088d00000|  0%| F|  |TAMS 0x0000000088c00000, 0x0000000088c00000| Untracked 
| 113|0x0000000088d00000, 0x0000000088d00000, 0x0000000088e00000|  0%| F|  |TAMS 0x0000000088d00000, 0x0000000088d00000| Untracked 
| 114|0x0000000088e00000, 0x0000000088e00000, 0x0000000088f00000|  0%| F|  |TAMS 0x0000000088e00000, 0x0000000088e00000| Untracked 
| 115|0x0000000088f00000, 0x0000000088f00000, 0x0000000089000000|  0%| F|  |TAMS 0x0000000088f00000, 0x0000000088f00000| Untracked 
| 116|0x0000000089000000, 0x0000000089000000, 0x0000000089100000|  0%| F|  |TAMS 0x0000000089000000, 0x0000000089000000| Untracked 
| 117|0x0000000089100000, 0x0000000089100000, 0x0000000089200000|  0%| F|  |TAMS 0x0000000089100000, 0x0000000089100000| Untracked 
| 118|0x0000000089200000, 0x0000000089200000, 0x0000000089300000|  0%| F|  |TAMS 0x0000000089200000, 0x0000000089200000| Untracked 
| 119|0x0000000089300000, 0x0000000089300000, 0x0000000089400000|  0%| F|  |TAMS 0x0000000089300000, 0x0000000089300000| Untracked 
| 120|0x0000000089400000, 0x0000000089400000, 0x0000000089500000|  0%| F|  |TAMS 0x0000000089400000, 0x0000000089400000| Untracked 
| 121|0x0000000089500000, 0x0000000089500000, 0x0000000089600000|  0%| F|  |TAMS 0x0000000089500000, 0x0000000089500000| Untracked 
| 122|0x0000000089600000, 0x0000000089600000, 0x0000000089700000|  0%| F|  |TAMS 0x0000000089600000, 0x0000000089600000| Untracked 
| 123|0x0000000089700000, 0x0000000089700000, 0x0000000089800000|  0%| F|  |TAMS 0x0000000089700000, 0x0000000089700000| Untracked 
| 124|0x0000000089800000, 0x0000000089800000, 0x0000000089900000|  0%| F|  |TAMS 0x0000000089800000, 0x0000000089800000| Untracked 
| 125|0x0000000089900000, 0x0000000089900000, 0x0000000089a00000|  0%| F|  |TAMS 0x0000000089900000, 0x0000000089900000| Untracked 
| 126|0x0000000089a00000, 0x0000000089a00000, 0x0000000089b00000|  0%| F|  |TAMS 0x0000000089a00000, 0x0000000089a00000| Untracked 
| 127|0x0000000089b00000, 0x0000000089b00000, 0x0000000089c00000|  0%| F|  |TAMS 0x0000000089b00000, 0x0000000089b00000| Untracked 

Card table byte_map: [0x0000025cb82a0000,0x0000025cb86a0000] _byte_map_base: 0x0000025cb7e92000

Marking Bits (Prev, Next): (CMBitMap*) 0x0000025ca15e76c0, (CMBitMap*) 0x0000025ca15e7680
 Prev Bits: [0x0000025cbaa30000, 0x0000025cbc9c0000)
 Next Bits: [0x0000025cb8aa0000, 0x0000025cbaa30000)

Polling page: 0x0000025c9f3d0000

Metaspace:

Usage:
  Non-class:     43.24 MB used.
      Class:      6.20 MB used.
       Both:     49.44 MB used.

Virtual space:
  Non-class space:       64.00 MB reserved,      43.44 MB ( 68%) committed,  1 nodes.
      Class space:        1.00 GB reserved,       6.44 MB ( <1%) committed,  1 nodes.
             Both:        1.06 GB reserved,      49.88 MB (  5%) committed. 

Chunk freelists:
   Non-Class:  462.00 KB
       Class:  1.53 MB
        Both:  1.98 MB

MaxMetaspaceSize: unlimited
CompressedClassSpaceSize: 1.00 GB
Initial GC threshold: 21.00 MB
Current GC threshold: 83.06 MB
CDS: on
MetaspaceReclaimPolicy: balanced
 - commit_granule_bytes: 65536.
 - commit_granule_words: 8192.
 - virtual_space_node_default_size: 8388608.
 - enlarge_chunks_in_place: 1.
 - new_chunks_are_fully_committed: 0.
 - uncommit_free_chunks: 1.
 - use_allocation_guard: 0.


Internal statistics:

num_allocs_failed_limit: 6.
num_arena_births: 880.
num_arena_deaths: 260.
num_vsnodes_births: 2.
num_vsnodes_deaths: 0.
num_space_committed: 798.
num_space_uncommitted: 0.
num_chunks_returned_to_freelist: 274.
num_chunks_taken_from_freelist: 2912.
num_chunk_merges: 73.
num_chunk_splits: 1886.
num_chunks_enlarged: 1459.
num_inconsistent_stats: 0.

CodeHeap 'non-profiled nmethods': size=120000Kb used=5393Kb max_used=5634Kb free=114606Kb
 bounds [0x0000025cb0970000, 0x0000025cb0f00000, 0x0000025cb7ea0000]
CodeHeap 'profiled nmethods': size=120000Kb used=14992Kb max_used=16523Kb free=105007Kb
 bounds [0x0000025ca9440000, 0x0000025caa470000, 0x0000025cb0970000]
CodeHeap 'non-nmethods': size=5760Kb used=1299Kb max_used=1375Kb free=4460Kb
 bounds [0x0000025ca8ea0000, 0x0000025ca9110000, 0x0000025ca9440000]
 total_blobs=8458 nmethods=7853 adapters=515
 compilation: enabled
              stopped_count=0, restarted_count=0
 full_count=0

Compilation events (20 events):
Event: 124620.853 Thread 0x0000025cbee5ef80 nmethod 9492 0x0000025cb0b8a710 code [0x0000025cb0b8a880, 0x0000025cb0b8a8f8]
Event: 124660.856 Thread 0x0000025cbee5ef80 9493       4       org.bson.codecs.EncoderContext$Builder::<init> (5 bytes)
Event: 124660.857 Thread 0x0000025cbee5ef80 nmethod 9493 0x0000025cb0a70a90 code [0x0000025cb0a70c00, 0x0000025cb0a70c78]
Event: 125023.666 Thread 0x0000025cbee5ef80 9494       4       sun.nio.ch.SelectorImpl::select (35 bytes)
Event: 125023.719 Thread 0x0000025cbee5ef80 nmethod 9494 0x0000025cb0c5a290 code [0x0000025cb0c5a6c0, 0x0000025cb0c5d758]
Event: 126024.757 Thread 0x0000025cbee60880 9495       3       sun.nio.ch.SocketChannelImpl::ensureOpen (16 bytes)
Event: 126024.759 Thread 0x0000025cbee60880 nmethod 9495 0x0000025ca9e5e290 code [0x0000025ca9e5e440, 0x0000025ca9e5e728]
Event: 126024.842 Thread 0x0000025cbee60880 9496       3       java.util.stream.ReferencePipeline::forEach (11 bytes)
Event: 126024.854 Thread 0x0000025cbee60880 nmethod 9496 0x0000025ca967bd90 code [0x0000025ca967bf80, 0x0000025ca967c478]
Event: 126024.854 Thread 0x0000025cbee60880 9499       3       java.util.stream.ForEachOps$ForEachOp::<init> (10 bytes)
Event: 126024.854 Thread 0x0000025cbee60880 nmethod 9499 0x0000025ca9bda210 code [0x0000025ca9bda3a0, 0x0000025ca9bda518]
Event: 126024.854 Thread 0x0000025cbee60880 9497       3       java.util.stream.ForEachOps::makeRef (15 bytes)
Event: 126024.855 Thread 0x0000025cbee60880 nmethod 9497 0x0000025ca988b690 code [0x0000025ca988b860, 0x0000025ca988bca8]
Event: 126024.855 Thread 0x0000025cbee60880 9498       3       java.util.stream.ForEachOps$ForEachOp$OfRef::<init> (11 bytes)
Event: 126024.855 Thread 0x0000025cbee60880 nmethod 9498 0x0000025ca9887610 code [0x0000025ca98877c0, 0x0000025ca98879f8]
Event: 126025.712 Thread 0x0000025cbee5ef80 9500       4       org.springframework.core.annotation.TypeMappedAnnotations::scan (62 bytes)
Event: 126025.714 Thread 0x0000025cbee60880 9501       3       com.fasterxml.jackson.databind.type.TypeBindings$AsKey::<init> (20 bytes)
Event: 126025.715 Thread 0x0000025cbee60880 nmethod 9501 0x0000025ca9f45290 code [0x0000025ca9f45440, 0x0000025ca9f45658]
Event: 126025.721 Thread 0x0000025cbee5ef80 nmethod 9500 0x0000025cb0a70510 code [0x0000025cb0a706c0, 0x0000025cb0a70878]
Event: 126859.052 Thread 0x0000025cbee60880 9502       3       org.springframework.web.servlet.mvc.method.annotation.RequestMappingHandlerAdapter::getSessionAttributesHandler (23 bytes)

GC Heap History (20 events):
Event: 101833.356 GC heap after
{Heap after GC invocations=89 (full 0):
 garbage-first heap   total 82944K, used 48710K [0x0000000081c00000, 0x0000000100000000)
  region size 1024K, 1 young (1024K), 1 survivors (1024K)
 Metaspace       used 50503K, committed 50944K, reserved 1114112K
  class space    used 6351K, committed 6592K, reserved 1048576K
}
Event: 101833.379 GC heap before
{Heap before GC invocations=89 (full 0):
 garbage-first heap   total 82944K, used 69190K [0x0000000081c00000, 0x0000000100000000)
  region size 1024K, 19 young (19456K), 1 survivors (1024K)
 Metaspace       used 50509K, committed 51008K, reserved 1114112K
  class space    used 6351K, committed 6592K, reserved 1048576K
}
Event: 101833.381 GC heap after
{Heap after GC invocations=90 (full 0):
 garbage-first heap   total 82944K, used 56621K [0x0000000081c00000, 0x0000000100000000)
  region size 1024K, 3 young (3072K), 3 survivors (3072K)
 Metaspace       used 50509K, committed 51008K, reserved 1114112K
  class space    used 6351K, committed 6592K, reserved 1048576K
}
Event: 101848.388 GC heap before
{Heap before GC invocations=91 (full 0):
 garbage-first heap   total 106496K, used 62765K [0x0000000081c00000, 0x0000000100000000)
  region size 1024K, 10 young (10240K), 3 survivors (3072K)
 Metaspace       used 50515K, committed 51008K, reserved 1114112K
  class space    used 6351K, committed 6592K, reserved 1048576K
}
Event: 101848.390 GC heap after
{Heap after GC invocations=92 (full 0):
 garbage-first heap   total 106496K, used 56362K [0x0000000081c00000, 0x0000000100000000)
  region size 1024K, 2 young (2048K), 2 survivors (2048K)
 Metaspace       used 50515K, committed 51008K, reserved 1114112K
  class space    used 6351K, committed 6592K, reserved 1048576K
}
Event: 101848.392 GC heap before
{Heap before GC invocations=92 (full 0):
 garbage-first heap   total 106496K, used 58410K [0x0000000081c00000, 0x0000000100000000)
  region size 1024K, 5 young (5120K), 2 survivors (2048K)
 Metaspace       used 50515K, committed 51008K, reserved 1114112K
  class space    used 6351K, committed 6592K, reserved 1048576K
}
Event: 101848.396 GC heap after
{Heap after GC invocations=93 (full 0):
 garbage-first heap   total 106496K, used 57188K [0x0000000081c00000, 0x0000000100000000)
  region size 1024K, 1 young (1024K), 1 survivors (1024K)
 Metaspace       used 50515K, committed 51008K, reserved 1114112K
  class space    used 6351K, committed 6592K, reserved 1048576K
}
Event: 101908.812 GC heap before
{Heap before GC invocations=93 (full 0):
 garbage-first heap   total 106496K, used 72548K [0x0000000081c00000, 0x0000000100000000)
  region size 1024K, 17 young (17408K), 1 survivors (1024K)
 Metaspace       used 50531K, committed 51008K, reserved 1114112K
  class space    used 6351K, committed 6592K, reserved 1048576K
}
Event: 101908.814 GC heap after
{Heap after GC invocations=94 (full 0):
 garbage-first heap   total 106496K, used 59197K [0x0000000081c00000, 0x0000000100000000)
  region size 1024K, 3 young (3072K), 3 survivors (3072K)
 Metaspace       used 50531K, committed 51008K, reserved 1114112K
  class space    used 6351K, committed 6592K, reserved 1048576K
}
Event: 102257.724 GC heap before
{Heap before GC invocations=95 (full 0):
 garbage-first heap   total 106496K, used 76605K [0x0000000081c00000, 0x0000000100000000)
  region size 1024K, 18 young (18432K), 3 survivors (3072K)
 Metaspace       used 50544K, committed 51008K, reserved 1114112K
  class space    used 6351K, committed 6592K, reserved 1048576K
}
Event: 102257.725 GC heap after
{Heap after GC invocations=96 (full 0):
 garbage-first heap   total 106496K, used 60039K [0x0000000081c00000, 0x0000000100000000)
  region size 1024K, 1 young (1024K), 1 survivors (1024K)
 Metaspace       used 50544K, committed 51008K, reserved 1114112K
  class space    used 6351K, committed 6592K, reserved 1048576K
}
Event: 102257.754 GC heap before
{Heap before GC invocations=96 (full 0):
 garbage-first heap   total 106496K, used 65159K [0x0000000081c00000, 0x0000000100000000)
  region size 1024K, 5 young (5120K), 1 survivors (1024K)
 Metaspace       used 50551K, committed 51008K, reserved 1114112K
  class space    used 6351K, committed 6592K, reserved 1048576K
}
Event: 102257.756 GC heap after
{Heap after GC invocations=97 (full 0):
 garbage-first heap   total 106496K, used 42707K [0x0000000081c00000, 0x0000000100000000)
  region size 1024K, 1 young (1024K), 1 survivors (1024K)
 Metaspace       used 50551K, committed 51008K, reserved 1114112K
  class space    used 6351K, committed 6592K, reserved 1048576K
}
Event: 102613.337 GC heap before
{Heap before GC invocations=97 (full 0):
 garbage-first heap   total 106496K, used 48851K [0x0000000081c00000, 0x0000000100000000)
  region size 1024K, 9 young (9216K), 1 survivors (1024K)
 Metaspace       used 50567K, committed 51008K, reserved 1114112K
  class space    used 6351K, committed 6592K, reserved 1048576K
}
Event: 102613.339 GC heap after
{Heap after GC invocations=98 (full 0):
 garbage-first heap   total 106496K, used 37584K [0x0000000081c00000, 0x0000000100000000)
  region size 1024K, 1 young (1024K), 1 survivors (1024K)
 Metaspace       used 50567K, committed 51008K, reserved 1114112K
  class space    used 6351K, committed 6592K, reserved 1048576K
}
Event: 126025.423 GC heap before
{Heap before GC invocations=99 (full 0):
 garbage-first heap   total 106496K, used 77520K [0x0000000081c00000, 0x0000000100000000)
  region size 1024K, 42 young (43008K), 1 survivors (1024K)
 Metaspace       used 50623K, committed 51072K, reserved 1114112K
  class space    used 6351K, committed 6592K, reserved 1048576K
}
Event: 126025.459 GC heap after
{Heap after GC invocations=100 (full 0):
 garbage-first heap   total 106496K, used 32560K [0x0000000081c00000, 0x0000000100000000)
  region size 1024K, 2 young (2048K), 2 survivors (2048K)
 Metaspace       used 50623K, committed 51072K, reserved 1114112K
  class space    used 6351K, committed 6592K, reserved 1048576K
}
Event: 126025.568 GC heap before
{Heap before GC invocations=100 (full 0):
 garbage-first heap   total 106496K, used 37680K [0x0000000081c00000, 0x0000000100000000)
  region size 1024K, 5 young (5120K), 2 survivors (2048K)
 Metaspace       used 50623K, committed 51072K, reserved 1114112K
  class space    used 6351K, committed 6592K, reserved 1048576K
}
Event: 126025.601 GC heap after
{Heap after GC invocations=101 (full 0):
 garbage-first heap   total 106496K, used 34895K [0x0000000081c00000, 0x0000000100000000)
  region size 1024K, 1 young (1024K), 1 survivors (1024K)
 Metaspace       used 50623K, committed 51072K, reserved 1114112K
  class space    used 6351K, committed 6592K, reserved 1048576K
}
Event: 126859.936 GC heap before
{Heap before GC invocations=101 (full 0):
 garbage-first heap   total 106496K, used 42063K [0x0000000081c00000, 0x0000000100000000)
  region size 1024K, 10 young (10240K), 1 survivors (1024K)
 Metaspace       used 50625K, committed 51072K, reserved 1114112K
  class space    used 6351K, committed 6592K, reserved 1048576K
}

Deoptimization events (20 events):
Event: 101833.358 Thread 0x0000025cc4b8ba10 Uncommon trap: trap_request=0xffffffde fr.pc=0x0000025cb0a77fb0 relative=0x0000000000000290
Event: 101833.358 Thread 0x0000025cc4b8ba10 Uncommon trap: reason=class_check action=maybe_recompile pc=0x0000025cb0a77fb0 method=java.util.concurrent.locks.ReentrantLock$Sync.lock()V @ 1 c2
Event: 101833.358 Thread 0x0000025cc4b8ba10 DEOPT PACKING pc=0x0000025cb0a77fb0 sp=0x000000ad43ff99b0
Event: 101833.358 Thread 0x0000025cc4b8ba10 DEOPT UNPACKING pc=0x0000025ca8ef23a3 sp=0x000000ad43ff9920 mode 2
Event: 101833.359 Thread 0x0000025cc4b8b540 Uncommon trap: trap_request=0xffffff45 fr.pc=0x0000025cb0d662a4 relative=0x00000000000002c4
Event: 101833.359 Thread 0x0000025cc4b8b540 Uncommon trap: reason=unstable_if action=reinterpret pc=0x0000025cb0d662a4 method=java.util.concurrent.locks.ReentrantReadWriteLock$Sync.tryReleaseShared(I)Z @ 129 c2
Event: 101833.359 Thread 0x0000025cc4b8b540 DEOPT PACKING pc=0x0000025cb0d662a4 sp=0x000000ad43ef9370
Event: 101833.359 Thread 0x0000025cc4b8b540 DEOPT UNPACKING pc=0x0000025ca8ef23a3 sp=0x000000ad43ef9250 mode 2
Event: 101833.402 Thread 0x0000025cc4b8e090 Uncommon trap: trap_request=0xffffff45 fr.pc=0x0000025cb0dbeda4 relative=0x0000000000002c24
Event: 101833.402 Thread 0x0000025cc4b8e090 Uncommon trap: reason=unstable_if action=reinterpret pc=0x0000025cb0dbeda4 method=org.springframework.util.ConcurrentReferenceHashMap$Segment.restructure(ZLorg/springframework/util/ConcurrentReferenceHashMap$Reference;)V @ 102 c2
Event: 101833.402 Thread 0x0000025cc4b8e090 DEOPT PACKING pc=0x0000025cb0dbeda4 sp=0x000000ad43dfafd0
Event: 101833.403 Thread 0x0000025cc4b8e090 DEOPT UNPACKING pc=0x0000025ca8ef23a3 sp=0x000000ad43dfafa8 mode 2
Event: 101908.469 Thread 0x0000025cc6c2c540 Uncommon trap: trap_request=0xffffff45 fr.pc=0x0000025cb0c8f944 relative=0x00000000000018e4
Event: 101908.469 Thread 0x0000025cc6c2c540 Uncommon trap: reason=unstable_if action=reinterpret pc=0x0000025cb0c8f944 method=java.nio.channels.spi.AbstractSelectionKey.isValid()Z @ 4 c2
Event: 101908.469 Thread 0x0000025cc6c2c540 DEOPT PACKING pc=0x0000025cb0c8f944 sp=0x000000ad442ff540
Event: 101908.469 Thread 0x0000025cc6c2c540 DEOPT UNPACKING pc=0x0000025ca8ef23a3 sp=0x000000ad442ff2f8 mode 2
Event: 123855.156 Thread 0x0000025cc4b8e560 Uncommon trap: trap_request=0xffffff45 fr.pc=0x0000025cb0d6d0fc relative=0x0000000000000afc
Event: 123855.156 Thread 0x0000025cc4b8e560 Uncommon trap: reason=unstable_if action=reinterpret pc=0x0000025cb0d6d0fc method=java.util.concurrent.ScheduledThreadPoolExecutor$DelayedWorkQueue.take()Ljava/util/concurrent/RunnableScheduledFuture; @ 59 c2
Event: 123855.157 Thread 0x0000025cc4b8e560 DEOPT PACKING pc=0x0000025cb0d6d0fc sp=0x000000ad435ff5c0
Event: 123855.157 Thread 0x0000025cc4b8e560 DEOPT UNPACKING pc=0x0000025ca8ef23a3 sp=0x000000ad435ff4a8 mode 2

Classes loaded (20 events):
Event: 88551.250 Loading class javax/crypto/JceSecurity$IdentityWrapper
Event: 88551.250 Loading class javax/crypto/JceSecurity$IdentityWrapper done
Event: 88551.250 Loading class javax/crypto/JceSecurity$2
Event: 88551.250 Loading class javax/crypto/JceSecurity$2 done
Event: 88551.250 Loading class javax/crypto/ProviderVerifier
Event: 88551.250 Loading class javax/crypto/ProviderVerifier done
Event: 88551.251 Loading class javax/crypto/ProviderVerifier$1
Event: 88551.251 Loading class javax/crypto/ProviderVerifier$1 done
Event: 88551.251 Loading class com/sun/crypto/provider/HmacCore$HmacSHA512
Event: 88551.262 Loading class com/sun/crypto/provider/HmacCore
Event: 88551.262 Loading class javax/crypto/MacSpi
Event: 88551.263 Loading class javax/crypto/MacSpi done
Event: 88551.263 Loading class com/sun/crypto/provider/HmacCore done
Event: 88551.263 Loading class com/sun/crypto/provider/HmacCore$HmacSHA512 done
Event: 88551.263 Loading class sun/security/provider/SHA5$SHA512
Event: 88551.269 Loading class sun/security/provider/SHA5
Event: 88551.270 Loading class sun/security/provider/SHA5 done
Event: 88551.270 Loading class sun/security/provider/SHA5$SHA512 done
Event: 88866.437 Loading class jdk/internal/reflect/AccessorUtils
Event: 88866.451 Loading class jdk/internal/reflect/AccessorUtils done

Classes unloaded (20 events):
Event: 96198.499 Thread 0x0000025cbee3e5c0 Unloading class 0x0000000801251c00 'java/lang/invoke/LambdaForm$MH+0x0000000801251c00'
Event: 96198.499 Thread 0x0000025cbee3e5c0 Unloading class 0x0000000801251400 'java/lang/invoke/LambdaForm$MH+0x0000000801251400'
Event: 96198.499 Thread 0x0000025cbee3e5c0 Unloading class 0x0000000801251000 'java/lang/invoke/LambdaForm$MH+0x0000000801251000'
Event: 96198.499 Thread 0x0000025cbee3e5c0 Unloading class 0x0000000801250c00 'java/lang/invoke/LambdaForm$MH+0x0000000801250c00'
Event: 96198.499 Thread 0x0000025cbee3e5c0 Unloading class 0x0000000801250800 'java/lang/invoke/LambdaForm$MH+0x0000000801250800'
Event: 96198.499 Thread 0x0000025cbee3e5c0 Unloading class 0x0000000801250400 'java/lang/invoke/LambdaForm$MH+0x0000000801250400'
Event: 96198.499 Thread 0x0000025cbee3e5c0 Unloading class 0x0000000801250000 'java/lang/invoke/LambdaForm$MH+0x0000000801250000'
Event: 96198.499 Thread 0x0000025cbee3e5c0 Unloading class 0x0000000801249c00 'java/lang/invoke/LambdaForm$MH+0x0000000801249c00'
Event: 96198.499 Thread 0x0000025cbee3e5c0 Unloading class 0x0000000801249800 'java/lang/invoke/LambdaForm$MH+0x0000000801249800'
Event: 96198.499 Thread 0x0000025cbee3e5c0 Unloading class 0x0000000801249000 'java/lang/invoke/LambdaForm$MH+0x0000000801249000'
Event: 96198.499 Thread 0x0000025cbee3e5c0 Unloading class 0x0000000801248800 'java/lang/invoke/LambdaForm$MH+0x0000000801248800'
Event: 96198.499 Thread 0x0000025cbee3e5c0 Unloading class 0x0000000801248400 'java/lang/invoke/LambdaForm$MH+0x0000000801248400'
Event: 96198.499 Thread 0x0000025cbee3e5c0 Unloading class 0x0000000801248000 'java/lang/invoke/LambdaForm$MH+0x0000000801248000'
Event: 96198.499 Thread 0x0000025cbee3e5c0 Unloading class 0x0000000801241c00 'java/lang/invoke/LambdaForm$MH+0x0000000801241c00'
Event: 96198.499 Thread 0x0000025cbee3e5c0 Unloading class 0x0000000801241400 'java/lang/invoke/LambdaForm$MH+0x0000000801241400'
Event: 96198.499 Thread 0x0000025cbee3e5c0 Unloading class 0x0000000801241000 'java/lang/invoke/LambdaForm$MH+0x0000000801241000'
Event: 96198.500 Thread 0x0000025cbee3e5c0 Unloading class 0x0000000801234000 'java/lang/invoke/LambdaForm$MH+0x0000000801234000'
Event: 96198.500 Thread 0x0000025cbee3e5c0 Unloading class 0x0000000800fb0400 'java/lang/invoke/LambdaForm$MH+0x0000000800fb0400'
Event: 96198.500 Thread 0x0000025cbee3e5c0 Unloading class 0x0000000800f21400 'java/lang/invoke/LambdaForm$MH+0x0000000800f21400'
Event: 101833.455 Thread 0x0000025cbee3e5c0 Unloading class 0x0000000801252400 'java/lang/invoke/LambdaForm$MH+0x0000000801252400'

Classes redefined (0 events):
No events

Internal exceptions (20 events):
Event: 101830.967 Thread 0x0000025cc5709bd0 Exception <a 'java/net/ConnectException'{0x0000000084f2fb10}: Connection refused: no further information> (0x0000000084f2fb10) 
thrown [s\open\src\hotspot\share\prims\jni.cpp, line 535]
Event: 101830.967 Thread 0x0000025cc5709bd0 Exception <a 'java/net/SocketException'{0x0000000084f2fe48}: Socket is not connected: shutdown> (0x0000000084f2fe48) 
thrown [s\open\src\hotspot\share\prims\jni.cpp, line 535]
Event: 101831.467 Thread 0x0000025cc5709bd0 Exception <a 'java/net/ConnectException'{0x0000000084f31830}: Connection refused: no further information> (0x0000000084f31830) 
thrown [s\open\src\hotspot\share\prims\jni.cpp, line 535]
Event: 101831.467 Thread 0x0000025cc5709bd0 Exception <a 'java/net/SocketException'{0x0000000084f31b68}: Socket is not connected: shutdown> (0x0000000084f31b68) 
thrown [s\open\src\hotspot\share\prims\jni.cpp, line 535]
Event: 101831.974 Thread 0x0000025cc5709bd0 Exception <a 'java/net/ConnectException'{0x0000000084f33550}: Connection refused: no further information> (0x0000000084f33550) 
thrown [s\open\src\hotspot\share\prims\jni.cpp, line 535]
Event: 101831.974 Thread 0x0000025cc5709bd0 Exception <a 'java/net/SocketException'{0x0000000084f33888}: Socket is not connected: shutdown> (0x0000000084f33888) 
thrown [s\open\src\hotspot\share\prims\jni.cpp, line 535]
Event: 101832.481 Thread 0x0000025cc5709bd0 Exception <a 'java/net/ConnectException'{0x0000000084f35270}: Connection refused: no further information> (0x0000000084f35270) 
thrown [s\open\src\hotspot\share\prims\jni.cpp, line 535]
Event: 101832.481 Thread 0x0000025cc5709bd0 Exception <a 'java/net/SocketException'{0x0000000084f355a8}: Socket is not connected: shutdown> (0x0000000084f355a8) 
thrown [s\open\src\hotspot\share\prims\jni.cpp, line 535]
Event: 101833.361 Thread 0x0000025cc4b8b540 Exception <a 'java/io/IOException'{0x0000000085aacf80}> (0x0000000085aacf80) 
thrown [s\open\src\hotspot\share\prims\jni.cpp, line 516]
Event: 101833.402 Thread 0x0000025cc4b8e090 Exception <a 'java/io/IOException'{0x0000000085600810}> (0x0000000085600810) 
thrown [s\open\src\hotspot\share\prims\jni.cpp, line 516]
Event: 101833.402 Thread 0x0000025cc4b8b540 Exception <a 'java/io/IOException'{0x0000000089b6a0c0}> (0x0000000089b6a0c0) 
thrown [s\open\src\hotspot\share\prims\jni.cpp, line 516]
Event: 101833.402 Thread 0x0000025cc4b8e090 Exception <a 'java/io/IOException'{0x0000000089b5bf78}> (0x0000000089b5bf78) 
thrown [s\open\src\hotspot\share\prims\jni.cpp, line 516]
Event: 101833.403 Thread 0x0000025cc4b8b540 Exception <a 'java/io/IOException'{0x0000000089b6c070}> (0x0000000089b6c070) 
thrown [s\open\src\hotspot\share\prims\jni.cpp, line 516]
Event: 101833.403 Thread 0x0000025cc4b8e090 Exception <a 'java/io/IOException'{0x0000000089b5dcd0}> (0x0000000089b5dcd0) 
thrown [s\open\src\hotspot\share\prims\jni.cpp, line 516]
Event: 101833.417 Thread 0x0000025cc4b8d220 Exception <a 'java/io/IOException'{0x0000000086af43e8}> (0x0000000086af43e8) 
thrown [s\open\src\hotspot\share\prims\jni.cpp, line 516]
Event: 101833.419 Thread 0x0000025cc4b8d220 Exception <a 'java/io/IOException'{0x0000000086af6150}> (0x0000000086af6150) 
thrown [s\open\src\hotspot\share\prims\jni.cpp, line 516]
Event: 101833.421 Thread 0x0000025cc4b8d220 Exception <a 'java/io/IOException'{0x0000000086af7d98}> (0x0000000086af7d98) 
thrown [s\open\src\hotspot\share\prims\jni.cpp, line 516]
Event: 101833.424 Thread 0x0000025cc4b8b070 Exception <a 'java/io/IOException'{0x00000000867d1218}> (0x00000000867d1218) 
thrown [s\open\src\hotspot\share\prims\jni.cpp, line 516]
Event: 101833.424 Thread 0x0000025cc4b8b070 Exception <a 'java/io/IOException'{0x00000000867d2f30}> (0x00000000867d2f30) 
thrown [s\open\src\hotspot\share\prims\jni.cpp, line 516]
Event: 101833.424 Thread 0x0000025cc4b8b070 Exception <a 'java/io/IOException'{0x00000000867d4b78}> (0x00000000867d4b78) 
thrown [s\open\src\hotspot\share\prims\jni.cpp, line 516]

VM Operations (20 events):
Event: 102257.756 Executing VM operation: G1CollectForAllocation done
Event: 102613.337 Executing VM operation: G1TryInitiateConcMark
Event: 102613.339 Executing VM operation: G1TryInitiateConcMark done
Event: 102613.400 Executing VM operation: G1Concurrent
Event: 102613.404 Executing VM operation: G1Concurrent done
Event: 102613.442 Executing VM operation: G1Concurrent
Event: 102613.442 Executing VM operation: G1Concurrent done
Event: 102621.446 Executing VM operation: Cleanup
Event: 102621.446 Executing VM operation: Cleanup done
Event: 102623.447 Executing VM operation: Cleanup
Event: 102623.448 Executing VM operation: Cleanup done
Event: 102625.448 Executing VM operation: Cleanup
Event: 102625.448 Executing VM operation: Cleanup done
Event: 126024.856 Executing VM operation: Cleanup
Event: 126024.856 Executing VM operation: Cleanup done
Event: 126025.252 Executing VM operation: G1CollectForAllocation
Event: 126025.464 Executing VM operation: G1CollectForAllocation done
Event: 126025.535 Executing VM operation: G1CollectForAllocation
Event: 126025.602 Executing VM operation: G1CollectForAllocation done
Event: 126859.057 Executing VM operation: G1TryInitiateConcMark

Events (20 events):
Event: 90528.479 Thread 0x0000025cbee68690 flushing nmethod 0x0000025caa1ce010
Event: 90528.479 Thread 0x0000025cbee68690 flushing nmethod 0x0000025caa1d9390
Event: 90528.479 Thread 0x0000025cbee68690 flushing nmethod 0x0000025caa1db890
Event: 90528.479 Thread 0x0000025cbee68690 flushing nmethod 0x0000025caa1e0910
Event: 90528.479 Thread 0x0000025cbee68690 flushing nmethod 0x0000025caa1e1110
Event: 90528.479 Thread 0x0000025cbee68690 flushing nmethod 0x0000025caa1e1910
Event: 90528.479 Thread 0x0000025cbee68690 flushing nmethod 0x0000025caa1fa610
Event: 90528.479 Thread 0x0000025cbee68690 flushing nmethod 0x0000025caa211390
Event: 90528.479 Thread 0x0000025cbee68690 flushing nmethod 0x0000025caa22ce90
Event: 90528.479 Thread 0x0000025cbee68690 flushing nmethod 0x0000025caa22e110
Event: 90528.479 Thread 0x0000025cbee68690 flushing nmethod 0x0000025caa277510
Event: 90528.480 Thread 0x0000025cbee68690 flushing nmethod 0x0000025caa381610
Event: 90528.480 Thread 0x0000025cbee68690 flushing nmethod 0x0000025caa382f10
Event: 90528.480 Thread 0x0000025cbee68690 flushing nmethod 0x0000025caa384e10
Event: 90528.480 Thread 0x0000025cbee68690 flushing nmethod 0x0000025caa388410
Event: 90528.480 Thread 0x0000025cbee68690 flushing nmethod 0x0000025caa388b90
Event: 90528.480 Thread 0x0000025cbee68690 flushing nmethod 0x0000025caa389090
Event: 90528.480 Thread 0x0000025cbee68690 flushing nmethod 0x0000025caa389a10
Event: 90528.480 Thread 0x0000025cbee68690 flushing nmethod 0x0000025caa3a1910
Event: 90528.480 Thread 0x0000025cbee68690 flushing nmethod 0x0000025caa418810


Dynamic libraries:
0x00007ff6ab000000 - 0x00007ff6ab010000 	C:\Program Files\Java\jdk-18.0.2.1\bin\java.exe
0x00007ffbeb180000 - 0x00007ffbeb370000 	C:\Windows\SYSTEM32\ntdll.dll
0x00007ffbe9d30000 - 0x00007ffbe9de2000 	C:\Windows\System32\KERNEL32.DLL
0x00007ffbe8750000 - 0x00007ffbe89f5000 	C:\Windows\System32\KERNELBASE.dll
0x00007ffbe8180000 - 0x00007ffbe827a000 	C:\Windows\System32\ucrtbase.dll
0x00007ffbc92f0000 - 0x00007ffbc930a000 	C:\Program Files\Java\jdk-18.0.2.1\bin\VCRUNTIME140.dll
0x00007ffbc9350000 - 0x00007ffbc9368000 	C:\Program Files\Java\jdk-18.0.2.1\bin\jli.dll
0x00007ffbeac40000 - 0x00007ffbeace3000 	C:\Windows\System32\ADVAPI32.dll
0x00007ffbe9c80000 - 0x00007ffbe9d1e000 	C:\Windows\System32\msvcrt.dll
0x00007ffbeae30000 - 0x00007ffbeaec7000 	C:\Windows\System32\sechost.dll
0x00007ffbea780000 - 0x00007ffbea89f000 	C:\Windows\System32\RPCRT4.dll
0x00007ffbe9230000 - 0x00007ffbe93c4000 	C:\Windows\System32\USER32.dll
0x00007ffbe8420000 - 0x00007ffbe8441000 	C:\Windows\System32\win32u.dll
0x00007ffbdfa40000 - 0x00007ffbdfcc4000 	C:\Windows\WinSxS\amd64_microsoft.windows.common-controls_6595b64144ccf1df_6.0.18362.1556_none_9e7e372fe45e41d5\COMCTL32.dll
0x00007ffbea8a0000 - 0x00007ffbeabd6000 	C:\Windows\System32\combase.dll
0x00007ffbe9720000 - 0x00007ffbe9746000 	C:\Windows\System32\GDI32.dll
0x00007ffbe80f0000 - 0x00007ffbe8171000 	C:\Windows\System32\bcryptPrimitives.dll
0x00007ffbe8280000 - 0x00007ffbe8418000 	C:\Windows\System32\gdi32full.dll
0x00007ffbe8600000 - 0x00007ffbe869e000 	C:\Windows\System32\msvcp_win.dll
0x00007ffbe1410000 - 0x00007ffbe141a000 	C:\Windows\SYSTEM32\VERSION.dll
0x00007ffbe9ea0000 - 0x00007ffbe9ece000 	C:\Windows\System32\IMM32.DLL
0x00007ffbcb3c0000 - 0x00007ffbcb3cc000 	C:\Program Files\Java\jdk-18.0.2.1\bin\vcruntime140_1.dll
0x00007ffbacf60000 - 0x00007ffbacfed000 	C:\Program Files\Java\jdk-18.0.2.1\bin\msvcp140.dll
0x00007ffbac340000 - 0x00007ffbacf51000 	C:\Program Files\Java\jdk-18.0.2.1\bin\server\jvm.dll
0x00007ffbe9d20000 - 0x00007ffbe9d28000 	C:\Windows\System32\PSAPI.DLL
0x00007ffbe5b70000 - 0x00007ffbe5b94000 	C:\Windows\SYSTEM32\WINMM.dll
0x00007ffbd5890000 - 0x00007ffbd5899000 	C:\Windows\SYSTEM32\WSOCK32.dll
0x00007ffbeb030000 - 0x00007ffbeb09f000 	C:\Windows\System32\WS2_32.dll
0x00007ffbe5b40000 - 0x00007ffbe5b6d000 	C:\Windows\SYSTEM32\WINMMBASE.dll
0x00007ffbe8a00000 - 0x00007ffbe8a4a000 	C:\Windows\System32\cfgmgr32.dll
0x00007ffbe80b0000 - 0x00007ffbe80c1000 	C:\Windows\System32\kernel.appcore.dll
0x00007ffbca8f0000 - 0x00007ffbca8fa000 	C:\Program Files\Java\jdk-18.0.2.1\bin\jimage.dll
0x00007ffbe6790000 - 0x00007ffbe6984000 	C:\Windows\SYSTEM32\DBGHELP.DLL
0x00007ffbd4af0000 - 0x00007ffbd4b1a000 	C:\Windows\SYSTEM32\dbgcore.DLL
0x00007ffbe45b0000 - 0x00007ffbe45be000 	C:\Program Files\Java\jdk-18.0.2.1\bin\instrument.dll
0x00007ffbc92c0000 - 0x00007ffbc92e5000 	C:\Program Files\Java\jdk-18.0.2.1\bin\java.dll
0x00007ffbac260000 - 0x00007ffbac336000 	C:\Program Files\Java\jdk-18.0.2.1\bin\jsvml.dll
0x00007ffbe9ed0000 - 0x00007ffbea5b7000 	C:\Windows\System32\SHELL32.dll
0x00007ffbe95e0000 - 0x00007ffbe9688000 	C:\Windows\System32\shcore.dll
0x00007ffbe8ab0000 - 0x00007ffbe922b000 	C:\Windows\System32\windows.storage.dll
0x00007ffbe80d0000 - 0x00007ffbe80ee000 	C:\Windows\System32\profapi.dll
0x00007ffbe8060000 - 0x00007ffbe80aa000 	C:\Windows\System32\powrprof.dll
0x00007ffbe8030000 - 0x00007ffbe8040000 	C:\Windows\System32\UMPDC.dll
0x00007ffbeabe0000 - 0x00007ffbeac32000 	C:\Windows\System32\shlwapi.dll
0x00007ffbe8480000 - 0x00007ffbe8497000 	C:\Windows\System32\cryptsp.dll
0x00007ffbc8da0000 - 0x00007ffbc8db8000 	C:\Program Files\Java\jdk-18.0.2.1\bin\zip.dll
0x00007ffbca900000 - 0x00007ffbca913000 	C:\Program Files\Java\jdk-18.0.2.1\bin\net.dll
0x00007ffbd8470000 - 0x00007ffbd856a000 	C:\Windows\SYSTEM32\WINHTTP.dll
0x00007ffbe7810000 - 0x00007ffbe7877000 	C:\Windows\system32\mswsock.dll
0x00007ffbc9270000 - 0x00007ffbc9286000 	C:\Program Files\Java\jdk-18.0.2.1\bin\nio.dll
0x00007ffbd18a0000 - 0x00007ffbd18ba000 	C:\Program Files\JetBrains\IntelliJ IDEA Community Edition 2022.3.3\bin\breakgen64.dll
0x00007ffbc89e0000 - 0x00007ffbc89f0000 	C:\Program Files\Java\jdk-18.0.2.1\bin\verify.dll
0x00007ffbe44b0000 - 0x00007ffbe44b9000 	C:\Program Files\Java\jdk-18.0.2.1\bin\management.dll
0x00007ffbe44a0000 - 0x00007ffbe44ab000 	C:\Program Files\Java\jdk-18.0.2.1\bin\management_ext.dll
0x00007ffbca7b0000 - 0x00007ffbca7c6000 	C:\Windows\system32\napinsp.dll
0x00007ffbca790000 - 0x00007ffbca7aa000 	C:\Windows\system32\pnrpnsp.dll
0x00007ffbe7560000 - 0x00007ffbe762b000 	C:\Windows\SYSTEM32\DNSAPI.dll
0x00007ffbe9710000 - 0x00007ffbe9718000 	C:\Windows\System32\NSI.dll
0x00007ffbe7520000 - 0x00007ffbe755a000 	C:\Windows\SYSTEM32\IPHLPAPI.DLL
0x00007ffbca780000 - 0x00007ffbca78e000 	C:\Windows\System32\winrnr.dll
0x00007ffbe4380000 - 0x00007ffbe439c000 	C:\Windows\system32\NLAapi.dll
0x00007ffbca760000 - 0x00007ffbca775000 	C:\Windows\system32\wshbth.dll
0x00007ffbd8250000 - 0x00007ffbd825a000 	C:\Windows\System32\rasadhlp.dll
0x00007ffbdfcf0000 - 0x00007ffbdfd67000 	C:\Windows\System32\fwpuclnt.dll
0x00007ffbe8450000 - 0x00007ffbe8476000 	C:\Windows\System32\bcrypt.dll
0x00007ffbe7390000 - 0x00007ffbe73c3000 	C:\Windows\system32\rsaenh.dll
0x00007ffbe7f20000 - 0x00007ffbe7f45000 	C:\Windows\SYSTEM32\USERENV.dll
0x00007ffbe79e0000 - 0x00007ffbe79ec000 	C:\Windows\SYSTEM32\CRYPTBASE.dll
0x00007ffbdfe40000 - 0x00007ffbdfe56000 	C:\Windows\SYSTEM32\dhcpcsvc6.DLL
0x00007ffbdfff0000 - 0x00007ffbe000c000 	C:\Windows\SYSTEM32\dhcpcsvc.DLL
0x00007ffbe4490000 - 0x00007ffbe449e000 	C:\Program Files\Java\jdk-18.0.2.1\bin\sunmscapi.dll
0x00007ffbe84a0000 - 0x00007ffbe85f1000 	C:\Windows\System32\CRYPT32.dll
0x00007ffbe8040000 - 0x00007ffbe8052000 	C:\Windows\System32\MSASN1.dll
0x00007ffbe7af0000 - 0x00007ffbe7b16000 	C:\Windows\SYSTEM32\ncrypt.dll
0x00007ffbe7ab0000 - 0x00007ffbe7aeb000 	C:\Windows\SYSTEM32\NTASN1.dll

dbghelp: loaded successfully - version: 4.0.5 - missing functions: none
symbol engine: initialized successfully - sym options: 0x614 - pdb path: .;C:\Program Files\Java\jdk-18.0.2.1\bin;C:\Windows\SYSTEM32;C:\Windows\WinSxS\amd64_microsoft.windows.common-controls_6595b64144ccf1df_6.0.18362.1556_none_9e7e372fe45e41d5;C:\Program Files\Java\jdk-18.0.2.1\bin\server;C:\Program Files\JetBrains\IntelliJ IDEA Community Edition 2022.3.3\bin

VM Arguments:
jvm_args: -javaagent:C:\Program Files\JetBrains\IntelliJ IDEA Community Edition 2022.3.3\lib\idea_rt.jar=50644:C:\Program Files\JetBrains\IntelliJ IDEA Community Edition 2022.3.3\bin -Dfile.encoding=UTF-8 -Dsun.stdout.encoding=UTF-8 -Dsun.stderr.encoding=UTF-8 
java_command: com.example.AppEcommerce.AppEcommerceApplication
java_class_path (initial): F:\Work\AppEcommerce\target\classes;C:\Users\rihab.DESKTOP-BQ1736K\.m2\repository\org\springframework\boot\spring-boot-starter-data-mongodb\2.7.4\spring-boot-starter-data-mongodb-2.7.4.jar;C:\Users\rihab.DESKTOP-BQ1736K\.m2\repository\org\springframework\boot\spring-boot-starter\2.7.4\spring-boot-starter-2.7.4.jar;C:\Users\rihab.DESKTOP-BQ1736K\.m2\repository\org\springframework\boot\spring-boot\2.7.4\spring-boot-2.7.4.jar;C:\Users\rihab.DESKTOP-BQ1736K\.m2\repository\org\springframework\boot\spring-boot-autoconfigure\2.7.4\spring-boot-autoconfigure-2.7.4.jar;C:\Users\rihab.DESKTOP-BQ1736K\.m2\repository\org\springframework\boot\spring-boot-starter-logging\2.7.4\spring-boot-starter-logging-2.7.4.jar;C:\Users\rihab.DESKTOP-BQ1736K\.m2\repository\ch\qos\logback\logback-classic\1.2.11\logback-classic-1.2.11.jar;C:\Users\rihab.DESKTOP-BQ1736K\.m2\repository\ch\qos\logback\logback-core\1.2.11\logback-core-1.2.11.jar;C:\Users\rihab.DESKTOP-BQ1736K\.m2\repository\org\apache\logging\log4j\log4j-to-slf4j\2.17.2\log4j-to-slf4j-2.17.2.jar;C:\Users\rihab.DESKTOP-BQ1736K\.m2\repository\org\apache\logging\log4j\log4j-api\2.17.2\log4j-api-2.17.2.jar;C:\Users\rihab.DESKTOP-BQ1736K\.m2\repository\org\slf4j\jul-to-slf4j\1.7.36\jul-to-slf4j-1.7.36.jar;C:\Users\rihab.DESKTOP-BQ1736K\.m2\repository\jakarta\annotation\jakarta.annotation-api\1.3.5\jakarta.annotation-api-1.3.5.jar;C:\Users\rihab.DESKTOP-BQ1736K\.m2\repository\org\yaml\snakeyaml\1.30\snakeyaml-1.30.jar;C:\Users\rihab.DESKTOP-BQ1736K\.m2\repository\org\mongodb\mongodb-driver-sync\4.6.1\mongodb-driver-sync-4.6.1.jar;C:\Users\rihab.DESKTOP-BQ1736K\.m2\repository\org\mongodb\bson\4.6.1\bson-4.6.1.jar;C:\Users\rihab.DESKTOP-BQ1736K\.m2\repository\org\mongodb\mongodb-driver-core\4.6.1\mongodb-driver-core-4.6.1.jar;C:\Users\rihab.DESKTOP-BQ1736K\.m2\repository\org\mongodb\bson-record-codec\4.6.1\bson-record-codec-4.6.1.jar;C:\Users\rihab.DESKTOP-BQ1736K\.m2\repository\org\springframework\data\spring-data-mongodb\3.4.3\spring-data-mongodb-3.4.3.jar;C:\Users\rihab.DESKTOP-BQ1736K\.m2\repository\org\springframework\spring-tx\5.3.23\spring-tx-5.3.23.jar;C:\Users\rihab.DESKTOP-BQ1736K\.m2\repository\org\springframework\data\spring-data-commons\2.7.3\spring-data-commons-2.7.3.jar;C:\Users\rihab.DESKTOP-BQ1736K\.m2\repository\org\slf4j\slf4j-api\1.7.36\slf4j-api-1.7.36.jar;C:\Users\rihab.DESKTOP-BQ1736K\.m2\repository\org\springframework\boot\spring-boot-starter-security\2.7.4\spring-boot-starter-security-2.7.4.jar;C:\Users\rihab.DESKTOP-BQ1736K\.m2\repository\org\springframework\spring-aop\5.3.23\spring-aop-5.3.23.jar;C:\Users\rihab.DESKTOP-BQ1736K\.m2\repository\org\springframework\security\spring-security-config\5.7.3\spring-security-config-5.7.3.jar;C:\Users\rihab.DESKTOP-BQ1736K\.m2\repository\org\springframework\security\spring-security-web\5.7.3\spring-security-web-5.7.3.jar;C:\Users\rihab.DESKTOP-BQ1736K\.m2\repository\org\springframework\boot\spring-boot-starter-web\2.7.4\spring-boot-starter-web-2.7.4.jar;C:\Users\rihab.DESKTOP-BQ1736K\.m2\repository\org\springframework\boot\spring-boot-starter-json\2.7.4\spring-boot-starter-json-2.7.4.jar;C:\Users\rihab.DESKTOP-BQ1736K\.m2\repository\com\fasterxml\jackson\datatype\jackson-datatype-jdk8\2.13.4\jackson-datatype-jdk8-2.13.4.jar;C:\Users\rihab.DESKTOP-BQ1736K\.m2\repository\com\fasterxml\jackson\datatype\jackson-datatype-jsr310\2.13.4\jackson-datatype-jsr310-2.13.4.jar;C:\Users\rihab.DESKTOP-BQ1736K\.m2\repository\com\fasterxml\jackson\module\jackson-module-parameter-names\2.13.4\jackson-module-parameter-names-2.13.4.jar;C:\Users\rihab.DESKTOP-BQ1736K\.m2\repository\org\springframework\boot\spring-boot-starter-tomcat\2.7.4\spring-boot-starter-tomcat-2.7.4.jar;C:\Users\rihab.DESKTOP-BQ1736K\.m2\repository\org\apache\tomcat\embed\tomcat-embed-core\9.0.65\tomcat-embed-core-9.0.65.jar;C:\Users\rihab.DESKTOP-BQ1736K\.m2\repository\org\apache\tomcat\embed\tomcat-embed-el\9.0.65\tomcat-embed-el-9.0.65.jar;C:\Users\rihab.DESKTOP-BQ1736K\.m2\repository\org\apache\tomcat\embed\tomcat-embed-websocket\9.0.65\tomcat-embed-websocket-9.0.65.jar;C:\Users\rihab.DESKTOP-BQ1736K\.m2\repository\org\springframework\spring-web\5.3.23\spring-web-5.3.23.jar;C:\Users\rihab.DESKTOP-BQ1736K\.m2\repository\org\springframework\spring-webmvc\5.3.23\spring-webmvc-5.3.23.jar;C:\Users\rihab.DESKTOP-BQ1736K\.m2\repository\io\jsonwebtoken\jjwt\0.9.1\jjwt-0.9.1.jar;C:\Users\rihab.DESKTOP-BQ1736K\.m2\repository\com\fasterxml\jackson\core\jackson-databind\2.13.4\jackson-databind-2.13.4.jar;C:\Users\rihab.DESKTOP-BQ1736K\.m2\repository\org\projectlombok\lombok\1.18.24\lombok-1.18.24.jar;C:\Users\rihab.DESKTOP-BQ1736K\.m2\repository\net\minidev\json-smart\2.4.8\json-smart-2.4.8.jar;C:\Users\rihab.DESKTOP-BQ1736K\.m2\repository\net\minidev\accessors-smart\2.4.8\accessors-smart-2.4.8.jar;C:\Users\rihab.DESKTOP-BQ1736K\.m2\repository\org\ow2\asm\asm\9.1\asm-9.1.jar;C:\Users\rihab.DESKTOP-BQ1736K\.m2\repository\org\springframework\spring-core\5.3.23\spring-core-5.3.23.jar;C:\Users\rihab.DESKTOP-BQ1736K\.m2\repository\org\springframework\spring-jcl\5.3.23\spring-jcl-5.3.23.jar;C:\Users\rihab.DESKTOP-BQ1736K\.m2\repository\org\hibernate\validator\hibernate-validator\6.2.5.Final\hibernate-validator-6.2.5.Final.jar;C:\Users\rihab.DESKTOP-BQ1736K\.m2\repository\jakarta\validation\jakarta.validation-api\2.0.2\jakarta.validation-api-2.0.2.jar;C:\Users\rihab.DESKTOP-BQ1736K\.m2\repository\org\jboss\logging\jboss-logging\3.4.3.Final\jboss-logging-3.4.3.Final.jar;C:\Users\rihab.DESKTOP-BQ1736K\.m2\repository\com\fasterxml\classmate\1.5.1\classmate-1.5.1.jar;C:\Users\rihab.DESKTOP-BQ1736K\.m2\repository\jakarta\persistence\jakarta.persistence-api\2.2.3\jakarta.persistence-api-2.2.3.jar;C:\Users\rihab.DESKTOP-BQ1736K\.m2\repository\org\springframework\security\spring-security-core\6.0.2\spring-security-core-6.0.2.jar;C:\Users\rihab.DESKTOP-BQ1736K\.m2\repository\org\springframework\security\spring-security-crypto\5.7.3\spring-security-crypto-5.7.3.jar;C:\Users\rihab.DESKTOP-BQ1736K\.m2\repository\org\springframework\spring-beans\5.3.23\spring-beans-5.3.23.jar;C:\Users\rihab.DESKTOP-BQ1736K\.m2\repository\org\springframework\spring-context\5.3.23\spring-context-5.3.23.jar;C:\Users\rihab.DESKTOP-BQ1736K\.m2\repository\org\springframework\spring-expression\5.3.23\spring-expression-5.3.23.jar;C:\Users\rihab.DESKTOP-BQ1736K\.m2\repository\io\micrometer\micrometer-observation\1.10.4\micrometer-observation-1.10.4.jar;C:\Users\rihab.DESKTOP-BQ1736K\.m2\repository\io\micrometer\micrometer-commons\1.10.4\micrometer-commons-1.10.4.jar;C:\Users\rihab.DESKTOP-BQ1736K\.m2\repository\javax\xml\bind\jaxb-api\2.3.1\jaxb-api-2.3.1.jar;C:\Users\rihab.DESKTOP-BQ1736K\.m2\repository\javax\activation\javax.activation-api\1.2.0\javax.activation-api-1.2.0.jar;C:\Users\rihab.DESKTOP-BQ1736K\.m2\repository\org\springframework\boot\spring-boot-starter-oauth2-client\2.7.4\spring-boot-starter-oauth2-client-2.7.4.jar;C:\Users\rihab.DESKTOP-BQ1736K\.m2\repository\org\springframework\security\spring-security-oauth2-client\5.7.3\spring-security-oauth2-client-5.7.3.jar;C:\Users\rihab.DESKTOP-BQ1736K\.m2\repository\org\springframework\security\spring-security-oauth2-core\5.7.3\spring-security-oauth2-core-5.7.3.jar;C:\Users\rihab.DESKTOP-BQ1736K\.m2\repository\com\nimbusds\oauth2-oidc-sdk\9.35\oauth2-oidc-sdk-9.35.jar;C:\Users\rihab.DESKTOP-BQ1736K\.m2\repository\com\github\stephenc\jcip\jcip-annotations\1.0-1\jcip-annotations-1.0-1.jar;C:\Users\rihab.DESKTOP-BQ1736K\.m2\repository\com\nimbusds\content-type\2.2\content-type-2.2.jar;C:\Users\rihab.DESKTOP-BQ1736K\.m2\repository\com\nimbusds\lang-tag\1.6\lang-tag-1.6.jar;C:\Users\rihab.DESKTOP-BQ1736K\.m2\repository\org\springframework\security\spring-security-oauth2-jose\5.7.3\spring-security-oauth2-jose-5.7.3.jar;C:\Users\rihab.DESKTOP-BQ1736K\.m2\repository\com\nimbusds\nimbus-jose-jwt\9.22\nimbus-jose-jwt-9.22.jar;C:\Users\rihab.DESKTOP-BQ1736K\.m2\repository\com\google\api-client\google-api-client\1.30.5\google-api-client-1.30.5.jar;C:\Users\rihab.DESKTOP-BQ1736K\.m2\repository\com\google\oauth-client\google-oauth-client\1.30.4\google-oauth-client-1.30.4.jar;C:\Users\rihab.DESKTOP-BQ1736K\.m2\repository\com\google\http-client\google-http-client\1.32.1\google-http-client-1.32.1.jar;C:\Users\rihab.DESKTOP-BQ1736K\.m2\repository\org\apache\httpcomponents\httpclient\4.5.13\httpclient-4.5.13.jar;C:\Users\rihab.DESKTOP-BQ1736K\.m2\repository\commons-codec\commons-codec\1.15\commons-codec-1.15.jar;C:\Users\rihab.DESKTOP-BQ1736K\.m2\repository\org\apache\httpcomponents\httpcore\4.4.15\httpcore-4.4.15.jar;C:\Users\rihab.DESKTOP-BQ1736K\.m2\repository\io\opencensus\opencensus-api\0.24.0\opencensus-api-0.24.0.jar;C:\Users\rihab.DESKTOP-BQ1736K\.m2\repository\io\grpc\grpc-context\1.22.1\grpc-context-1.22.1.jar;C:\Users\rihab.DESKTOP-BQ1736K\.m2\repository\io\opencensus\opencensus-contrib-http-util\0.24.0\opencensus-contrib-http-util-0.24.0.jar;C:\Users\rihab.DESKTOP-BQ1736K\.m2\repository\com\google\code\findbugs\jsr305\3.0.2\jsr305-3.0.2.jar;C:\Users\rihab.DESKTOP-BQ1736K\.m2\repository\com\google\http-client\google-http-client-jackson2\1.32.1\google-http-client-jackson2-1.32.1.jar;C:\Users\rihab.DESKTOP-BQ1736K\.m2\repository\com\google\guava\guava\28.0-android\guava-28.0-android.jar;C:\Users\rihab.DESKTOP-BQ1736K\.m2\repository\com\google\guava\failureaccess\1.0.1\failureaccess-1.0.1.jar;C:\Users\rihab.DESKTOP-BQ1736K\.m2\repository\com\google\guava\listenablefuture\9999.0-empty-to-avoid-conflict-with-guava\listenablefuture-9999.0-empty-to-avoid-conflict-with-guava.jar;C:\Users\rihab.DESKTOP-BQ1736K\.m2\repository\org\checkerframework\checker-compat-qual\2.5.5\checker-compat-qual-2.5.5.jar;C:\Users\rihab.DESKTOP-BQ1736K\.m2\repository\com\google\errorprone\error_prone_annotations\2.3.2\error_prone_annotations-2.3.2.jar;C:\Users\rihab.DESKTOP-BQ1736K\.m2\repository\com\google\j2objc\j2objc-annotations\1.3\j2objc-annotations-1.3.jar;C:\Users\rihab.DESKTOP-BQ1736K\.m2\repository\org\codehaus\mojo\animal-sniffer-annotations\1.17\animal-sniffer-annotations-1.17.jar;C:\Users\rihab.DESKTOP-BQ1736K\.m2\repository\org\springframework\social\spring-social-facebook\2.0.3.RELEASE\spring-social-facebook-2.0.3.RELEASE.jar;C:\Users\rihab.DESKTOP-BQ1736K\.m2\repository\com\fasterxml\jackson\core\jackson-core\2.13.4\jackson-core-2.13.4.jar;C:\Users\rihab.DESKTOP-BQ1736K\.m2\repository\org\springframework\social\spring-social-core\1.1.4.RELEASE\spring-social-core-1.1.4.RELEASE.jar;C:\Users\rihab.DESKTOP-BQ1736K\.m2\repository\org\springframework\social\spring-social-config\1.1.4.RELEASE\spring-social-config-1.1.4.RELEASE.jar;C:\Users\rihab.DESKTOP-BQ1736K\.m2\repository\org\springframework\social\spring-social-web\1.1.4.RELEASE\spring-social-web-1.1.4.RELEASE.jar;C:\Users\rihab.DESKTOP-BQ1736K\.m2\repository\javax\inject\javax.inject\1\javax.inject-1.jar;C:\Users\rihab.DESKTOP-BQ1736K\.m2\repository\com\fasterxml\jackson\core\jackson-annotations\2.13.4\jackson-annotations-2.13.4.jar
Launcher Type: SUN_STANDARD

[Global flags]
     intx CICompilerCount                          = 3                                         {product} {ergonomic}
     uint ConcGCThreads                            = 1                                         {product} {ergonomic}
     uint G1ConcRefinementThreads                  = 4                                         {product} {ergonomic}
   size_t G1HeapRegionSize                         = 1048576                                   {product} {ergonomic}
    uintx GCDrainStackTargetSize                   = 64                                        {product} {ergonomic}
   size_t InitialHeapSize                          = 134217728                                 {product} {ergonomic}
   size_t MarkStackSize                            = 4194304                                   {product} {ergonomic}
   size_t MaxHeapSize                              = 2118123520                                {product} {ergonomic}
   size_t MaxNewSize                               = 1270874112                                {product} {ergonomic}
   size_t MinHeapDeltaBytes                        = 1048576                                   {product} {ergonomic}
   size_t MinHeapSize                              = 8388608                                   {product} {ergonomic}
    uintx NonNMethodCodeHeapSize                   = 5832780                                {pd product} {ergonomic}
    uintx NonProfiledCodeHeapSize                  = 122912730                              {pd product} {ergonomic}
    uintx ProfiledCodeHeapSize                     = 122912730                              {pd product} {ergonomic}
    uintx ReservedCodeCacheSize                    = 251658240                              {pd product} {ergonomic}
     bool SegmentedCodeCache                       = true                                      {product} {ergonomic}
   size_t SoftMaxHeapSize                          = 2118123520                             {manageable} {ergonomic}
     bool UseCompressedClassPointers               = true                           {product lp64_product} {ergonomic}
     bool UseCompressedOops                        = true                           {product lp64_product} {ergonomic}
     bool UseG1GC                                  = true                                      {product} {ergonomic}
     bool UseLargePagesIndividualAllocation        = false                                  {pd product} {ergonomic}

Logging:
Log output configuration:
 #0: stdout all=warning uptime,level,tags foldmultilines=false
 #1: stderr all=off uptime,level,tags foldmultilines=false

Environment Variables:
JAVA_HOME=C:\Program Files\Java\jdk-18.0.2.1\bin
PATH=C:\Program Files\Common Files\Oracle\Java\javapath;C:\Windows\system32;C:\Windows;C:\Windows\System32\Wbem;C:\Windows\System32\WindowsPowerShell\v1.0\;C:\Windows\System32\OpenSSH\;C:\Program Files\Java\jre1.8.0_351\bin;C:\Program Files\PuTTY\;C:\xampp\php;C:\Program Files\Git\cmd;C:\Program Files\nodejs\;C:\ProgramData\chocolatey\bin;C:\Program Files\MongoDB\Server\6.0\bin;C:\Users\rihab.DESKTOP-BQ1736K\AppData\Local\Microsoft\WindowsApps;E:\JetBrains\PyCharm Community Edition 2022.3\bin;;D:\Microsoft VS Code\bin;C:\Users\rihab.DESKTOP-BQ1736K\AppData\Roaming\npm;C:\Users\rihab.DESKTOP-BQ1736K\AppData\Local\Android\Sdk\platform-tools;C:\Program Files\MongoDB\Server\6.0\bin;C:\Users\rihab.DESKTOP-BQ1736K\Desktop\mongosh-1.8.0-win32-x64\bin;C:\Program Files\JetBrains\IntelliJ IDEA Community Edition 2022.3.3\bin;;
USERNAME=rihab
OS=Windows_NT
PROCESSOR_IDENTIFIER=Intel64 Family 6 Model 142 Stepping 9, GenuineIntel



---------------  S Y S T E M  ---------------

OS:
 Windows 10 , 64 bit Build 18362 (10.0.18362.1500)
OS uptime: 1 days 12:18 hours

CPU: total 4 (initial active 4) (2 cores per cpu, 2 threads per core) family 6 model 142 stepping 9 microcode 0xde, cx8, cmov, fxsr, ht, mmx, 3dnowpref, sse, sse2, sse3, ssse3, sse4.1, sse4.2, popcnt, lzcnt, tsc, tscinvbit, avx, avx2, aes, erms, clmul, bmi1, bmi2, adx, fma, vzeroupper, clflush, clflushopt

Memory: 4k page, system-wide physical 8072M (1000M free)
TotalPageFile size 10072M (AvailPageFile size 88M)
current process WorkingSet (physical memory assigned to process): 101M, peak: 226M
current process commit charge ("private bytes"): 309M, peak: 493M

vm_info: Java HotSpot(TM) 64-Bit Server VM (18.0.2.1+1-1) for windows-amd64 JRE (18.0.2.1+1-1), built on Aug 16 2022 01:46:33 by "mach5one" with MS VC++ 16.8 / 16.9 (VS2019)

END.
